2023-02-13 22:02:596 INFO  ComputerPage :63 - click on computers tab[[ChromeDriver: chrome on WINDOWS (98b62a0d830951116e8716ceed06f9a7)] -> xpath: //ul[@class='top-menu notmobile']/li//a[@href='/computers']]
2023-02-13 22:02:359 INFO  ComputerPage :63 - click on computers tab[[ChromeDriver: chrome on WINDOWS (5f91bbceef0aa707e3ab36f6ddfc5692)] -> xpath: //ul[@class='top-menu notmobile']/li//a[@href='/computers']]
2023-02-13 22:02:526 INFO  ComputerPage :54 - click on DesktopsLink : Proxy element for: DefaultElementLocator 'By.xpath: //div[@class='page-body']/div[1]/div[1]/div[1]/div[1]/h2/a'
2023-02-13 22:02:980 INFO  ComputerPage :63 - click on computers tab[[ChromeDriver: chrome on WINDOWS (944b543c68b40892d50350aba732dbcb)] -> xpath: //ul[@class='top-menu notmobile']/li//a[@href='/computers']]
2023-02-13 22:02:402 INFO  ComputerPage :54 - click on DesktopsLink : Proxy element for: DefaultElementLocator 'By.xpath: //div[@class='page-body']/div[1]/div[1]/div[1]/div[1]/h2/a'
2023-02-13 22:02:268 INFO  ComputerPage :68 - click on Build Your Own Computer :Proxy element for: DefaultElementLocator 'By.linkText: Build your own computer'
2023-02-13 22:02:439 INFO  ComputerPage :75 - select option from dropdown :[[ChromeDriver: chrome on WINDOWS (944b543c68b40892d50350aba732dbcb)] -> xpath: //select[@id='product_attribute_1']]
2023-02-13 22:02:456 INFO  ComputerPage :78 - select on third option[[ChromeDriver: chrome on WINDOWS (944b543c68b40892d50350aba732dbcb)] -> xpath: //select[@id='product_attribute_2']]
2023-02-13 22:02:651 INFO  ComputerPage :84 - click on radio button from hdd[[ChromeDriver: chrome on WINDOWS (944b543c68b40892d50350aba732dbcb)] -> xpath: //input[@id='product_attribute_3_6']]
2023-02-13 22:02:713 INFO  ComputerPage :88 - click on os button[[ChromeDriver: chrome on WINDOWS (944b543c68b40892d50350aba732dbcb)] -> id: product_attribute_4_8]
2023-02-13 22:02:734 INFO  ComputerPage :91 - click on check boxes[[ChromeDriver: chrome on WINDOWS (944b543c68b40892d50350aba732dbcb)] -> id: product_attribute_5_10]
2023-02-13 22:02:793 INFO  ComputerPage :95 - click on add to cart button[[ChromeDriver: chrome on WINDOWS (944b543c68b40892d50350aba732dbcb)] -> xpath: //button[@id='add-to-cart-button-1']]
2023-02-13 22:02:205 INFO  ComputerPage :63 - click on computers tab[[ChromeDriver: chrome on WINDOWS (1134abd111561bdb8e0609bfed1b8a4d)] -> xpath: //ul[@class='top-menu notmobile']/li//a[@href='/computers']]
2023-02-13 22:02:242 INFO  ComputerPage :54 - click on DesktopsLink : Proxy element for: DefaultElementLocator 'By.xpath: //div[@class='page-body']/div[1]/div[1]/div[1]/div[1]/h2/a'
2023-02-13 22:02:41 INFO  ComputerPage :68 - click on Build Your Own Computer :Proxy element for: DefaultElementLocator 'By.linkText: Build your own computer'
2023-02-13 22:02:148 INFO  ComputerPage :75 - select option from dropdown :[[ChromeDriver: chrome on WINDOWS (1134abd111561bdb8e0609bfed1b8a4d)] -> xpath: //select[@id='product_attribute_1']]
2023-02-13 22:02:166 INFO  ComputerPage :78 - select on third option[[ChromeDriver: chrome on WINDOWS (1134abd111561bdb8e0609bfed1b8a4d)] -> xpath: //select[@id='product_attribute_2']]
2023-02-13 22:02:351 INFO  ComputerPage :84 - click on radio button from hdd[[ChromeDriver: chrome on WINDOWS (1134abd111561bdb8e0609bfed1b8a4d)] -> xpath: //input[@id='product_attribute_3_6']]
2023-02-13 22:02:409 INFO  ComputerPage :88 - click on os button[[ChromeDriver: chrome on WINDOWS (1134abd111561bdb8e0609bfed1b8a4d)] -> id: product_attribute_4_8]
2023-02-13 22:02:426 INFO  ComputerPage :91 - click on check boxes[[ChromeDriver: chrome on WINDOWS (1134abd111561bdb8e0609bfed1b8a4d)] -> id: product_attribute_5_10]
2023-02-13 22:02:481 INFO  ComputerPage :95 - click on add to cart button[[ChromeDriver: chrome on WINDOWS (1134abd111561bdb8e0609bfed1b8a4d)] -> xpath: //button[@id='add-to-cart-button-1']]
2023-02-13 22:02:714 INFO  ComputerPage :63 - click on computers tab[[ChromeDriver: chrome on WINDOWS (e5affc357eb5ed2c2702755ffe838cfa)] -> xpath: //ul[@class='top-menu notmobile']/li//a[@href='/computers']]
2023-02-13 22:02:251 INFO  ComputerPage :54 - click on DesktopsLink : Proxy element for: DefaultElementLocator 'By.xpath: //div[@class='page-body']/div[1]/div[1]/div[1]/div[1]/h2/a'
2023-02-13 22:02:998 INFO  ComputerPage :68 - click on Build Your Own Computer :Proxy element for: DefaultElementLocator 'By.linkText: Build your own computer'
2023-02-13 22:02:99 INFO  ComputerPage :75 - select option from dropdown :[[ChromeDriver: chrome on WINDOWS (e5affc357eb5ed2c2702755ffe838cfa)] -> xpath: //select[@id='product_attribute_1']]
2023-02-13 22:02:117 INFO  ComputerPage :78 - select on third option[[ChromeDriver: chrome on WINDOWS (e5affc357eb5ed2c2702755ffe838cfa)] -> xpath: //select[@id='product_attribute_2']]
2023-02-13 22:02:299 INFO  ComputerPage :84 - click on radio button from hdd[[ChromeDriver: chrome on WINDOWS (e5affc357eb5ed2c2702755ffe838cfa)] -> xpath: //input[@id='product_attribute_3_6']]
2023-02-13 22:02:357 INFO  ComputerPage :88 - click on os button[[ChromeDriver: chrome on WINDOWS (e5affc357eb5ed2c2702755ffe838cfa)] -> id: product_attribute_4_8]
2023-02-13 22:02:372 INFO  ComputerPage :91 - click on check boxes[[ChromeDriver: chrome on WINDOWS (e5affc357eb5ed2c2702755ffe838cfa)] -> id: product_attribute_5_10]
2023-02-13 22:02:440 INFO  ComputerPage :95 - click on add to cart button[[ChromeDriver: chrome on WINDOWS (e5affc357eb5ed2c2702755ffe838cfa)] -> xpath: //button[@id='add-to-cart-button-1']]
2023-02-13 22:02:975 INFO  LoginPage :68 - clicking on login link : [[ChromeDriver: chrome on WINDOWS (3211563f0df8c241f1f4d41925fb5416)] -> xpath: //a[contains(text(),'Log in')]]
2023-02-13 22:02:44 INFO  LoginPage :44 - getting text from : [[ChromeDriver: chrome on WINDOWS (3211563f0df8c241f1f4d41925fb5416)] -> xpath: //h1[contains(text(),'Welcome, Please Sign In!')]]
2023-02-13 22:02:96 INFO  LoginPage :44 - getting text from : [[ChromeDriver: chrome on WINDOWS (3211563f0df8c241f1f4d41925fb5416)] -> xpath: //h1[contains(text(),'Welcome, Please Sign In!')]]
2023-02-13 22:02:406 INFO  LoginPage :68 - clicking on login link : [[ChromeDriver: chrome on WINDOWS (db8adf3b4e58c6d334ccadb2086ebb58)] -> xpath: //a[contains(text(),'Log in')]]
2023-02-13 22:02:334 INFO  LoginPage :68 - clicking on login link : [[ChromeDriver: chrome on WINDOWS (fc55c4aacab5eb41ce5a78fc1ad5edee)] -> xpath: //a[contains(text(),'Log in')]]
2023-02-13 22:02:884 INFO  LoginPage :68 - clicking on login link : [[ChromeDriver: chrome on WINDOWS (b0632c71b6248d62ed42e0c901e46fcb)] -> xpath: //a[contains(text(),'Log in')]]
2023-02-13 22:02:595 INFO  RegisterPage :62 - click on register link :[[ChromeDriver: chrome on WINDOWS (f5d22220773b67687cc70b68c912db96)] -> link text: Register]
2023-02-13 22:02:30 INFO  RegisterPage :62 - click on register link :[[ChromeDriver: chrome on WINDOWS (946f49494086528946ba420ec5c5fd96)] -> link text: Register]
2023-02-13 22:02:50 INFO  RegisterPage :76 - enter first name [[ChromeDriver: chrome on WINDOWS (946f49494086528946ba420ec5c5fd96)] -> id: FirstName]
2023-02-13 22:02:181 INFO  RegisterPage :82 - enter first name [[ChromeDriver: chrome on WINDOWS (946f49494086528946ba420ec5c5fd96)] -> name: LastName]
2023-02-13 22:02:635 INFO  RegisterPage :110 - enter password [[ChromeDriver: chrome on WINDOWS (946f49494086528946ba420ec5c5fd96)] -> id: ConfirmPassword]
2023-02-13 22:02:737 INFO  RegisterPage :114 - click on register button[[ChromeDriver: chrome on WINDOWS (946f49494086528946ba420ec5c5fd96)] -> id: register-button]
2023-02-13 22:02:229 INFO  RegisterPage :62 - click on register link :[[ChromeDriver: chrome on WINDOWS (ff418c04ed5bebd4c62081f5067658a5)] -> link text: Register]
2023-02-13 22:02:265 INFO  RegisterPage :76 - enter first name [[ChromeDriver: chrome on WINDOWS (ff418c04ed5bebd4c62081f5067658a5)] -> id: FirstName]
2023-02-13 22:02:427 INFO  RegisterPage :82 - enter first name [[ChromeDriver: chrome on WINDOWS (ff418c04ed5bebd4c62081f5067658a5)] -> name: LastName]
2023-02-13 22:02:893 INFO  RegisterPage :110 - enter password [[ChromeDriver: chrome on WINDOWS (ff418c04ed5bebd4c62081f5067658a5)] -> id: ConfirmPassword]
2023-02-13 22:02:27 INFO  RegisterPage :114 - click on register button[[ChromeDriver: chrome on WINDOWS (ff418c04ed5bebd4c62081f5067658a5)] -> id: register-button]
2023-02-13 22:02:84 INFO  RegisterPage :62 - click on register link :[[ChromeDriver: chrome on WINDOWS (3baac3d90473c8baa12a9e6f00fe4334)] -> link text: Register]
2023-02-13 22:02:109 INFO  RegisterPage :76 - enter first name [[ChromeDriver: chrome on WINDOWS (3baac3d90473c8baa12a9e6f00fe4334)] -> id: FirstName]
2023-02-13 22:02:206 INFO  RegisterPage :82 - enter first name [[ChromeDriver: chrome on WINDOWS (3baac3d90473c8baa12a9e6f00fe4334)] -> name: LastName]
2023-02-13 22:02:479 INFO  RegisterPage :110 - enter password [[ChromeDriver: chrome on WINDOWS (3baac3d90473c8baa12a9e6f00fe4334)] -> id: ConfirmPassword]
2023-02-13 22:02:564 INFO  RegisterPage :114 - click on register button[[ChromeDriver: chrome on WINDOWS (3baac3d90473c8baa12a9e6f00fe4334)] -> id: register-button]
2023-02-13 22:02:329 INFO  RegisterPage :62 - click on register link :[[ChromeDriver: chrome on WINDOWS (5d8b58d267aae18da53336567b3a6a69)] -> link text: Register]
2023-02-13 22:02:355 INFO  RegisterPage :76 - enter first name [[ChromeDriver: chrome on WINDOWS (5d8b58d267aae18da53336567b3a6a69)] -> id: FirstName]
2023-02-13 22:02:496 INFO  RegisterPage :82 - enter first name [[ChromeDriver: chrome on WINDOWS (5d8b58d267aae18da53336567b3a6a69)] -> name: LastName]
2023-02-13 22:02:979 INFO  RegisterPage :110 - enter password [[ChromeDriver: chrome on WINDOWS (5d8b58d267aae18da53336567b3a6a69)] -> id: ConfirmPassword]
2023-02-13 22:02:138 INFO  RegisterPage :114 - click on register button[[ChromeDriver: chrome on WINDOWS (5d8b58d267aae18da53336567b3a6a69)] -> id: register-button]
2023-02-13 22:02:667 INFO  RegisterPage :62 - click on register link :[[ChromeDriver: chrome on WINDOWS (c8cd315a4aa2f946e44f927667b98838)] -> link text: Register]
2023-02-13 22:02:696 INFO  RegisterPage :76 - enter first name [[ChromeDriver: chrome on WINDOWS (c8cd315a4aa2f946e44f927667b98838)] -> id: FirstName]
2023-02-13 22:02:808 INFO  RegisterPage :82 - enter first name [[ChromeDriver: chrome on WINDOWS (c8cd315a4aa2f946e44f927667b98838)] -> name: LastName]
2023-02-13 22:02:246 INFO  RegisterPage :110 - enter password [[ChromeDriver: chrome on WINDOWS (c8cd315a4aa2f946e44f927667b98838)] -> id: ConfirmPassword]
2023-02-13 22:02:340 INFO  RegisterPage :114 - click on register button[[ChromeDriver: chrome on WINDOWS (c8cd315a4aa2f946e44f927667b98838)] -> id: register-button]
2023-02-13 22:02:524 INFO  RegisterPage :62 - click on register link :[[ChromeDriver: chrome on WINDOWS (61ad8ec3dc8479d3fc64b63efddf384b)] -> link text: Register]
2023-02-13 22:02:545 INFO  RegisterPage :70 - click on female radio button[[ChromeDriver: chrome on WINDOWS (61ad8ec3dc8479d3fc64b63efddf384b)] -> xpath: //div[@class='gender']//input[@id='gender-male']]
2023-02-13 22:02:616 INFO  RegisterPage :76 - enter first name [[ChromeDriver: chrome on WINDOWS (61ad8ec3dc8479d3fc64b63efddf384b)] -> id: FirstName]
2023-02-13 22:02:730 INFO  RegisterPage :82 - enter first name [[ChromeDriver: chrome on WINDOWS (61ad8ec3dc8479d3fc64b63efddf384b)] -> name: LastName]
2023-02-13 22:02:825 INFO  RegisterPage :89 - click on date of birthday[[ChromeDriver: chrome on WINDOWS (61ad8ec3dc8479d3fc64b63efddf384b)] -> name: DateOfBirthDay]
2023-02-13 22:02:906 INFO  RegisterPage :93 - click on date of birt month[[ChromeDriver: chrome on WINDOWS (61ad8ec3dc8479d3fc64b63efddf384b)] -> name: DateOfBirthMonth]
2023-02-13 22:02:976 INFO  RegisterPage :97 - click on date of birth year[[ChromeDriver: chrome on WINDOWS (61ad8ec3dc8479d3fc64b63efddf384b)] -> name: DateOfBirthYear]
2023-02-13 22:02:240 INFO  RegisterPage :110 - enter password [[ChromeDriver: chrome on WINDOWS (61ad8ec3dc8479d3fc64b63efddf384b)] -> id: ConfirmPassword]
2023-02-13 22:02:318 INFO  RegisterPage :114 - click on register button[[ChromeDriver: chrome on WINDOWS (61ad8ec3dc8479d3fc64b63efddf384b)] -> id: register-button]
2023-02-13 23:02:672 INFO  ComputerPage :63 - click on computers tab[[ChromeDriver: chrome on WINDOWS (0cb4b22b00b0568f1244321109cc28f2)] -> xpath: //ul[@class='top-menu notmobile']/li//a[@href='/computers']]
2023-02-13 23:02:477 INFO  ComputerPage :63 - click on computers tab[[ChromeDriver: chrome on WINDOWS (e448586e4979ccaae29b6d340000f384)] -> xpath: //ul[@class='top-menu notmobile']/li//a[@href='/computers']]
2023-02-13 23:02:409 INFO  ComputerPage :54 - click on DesktopsLink : Proxy element for: DefaultElementLocator 'By.xpath: //div[@class='page-body']/div[1]/div[1]/div[1]/div[1]/h2/a'
2023-02-13 23:02:253 INFO  ComputerPage :63 - click on computers tab[[ChromeDriver: chrome on WINDOWS (e97858c89ea35e4f7abbfa5635adf862)] -> xpath: //ul[@class='top-menu notmobile']/li//a[@href='/computers']]
2023-02-13 23:02:176 INFO  ComputerPage :54 - click on DesktopsLink : Proxy element for: DefaultElementLocator 'By.xpath: //div[@class='page-body']/div[1]/div[1]/div[1]/div[1]/h2/a'
2023-02-13 23:02:78 INFO  ComputerPage :68 - click on Build Your Own Computer :Proxy element for: DefaultElementLocator 'By.linkText: Build your own computer'
2023-02-13 23:02:235 INFO  ComputerPage :75 - select option from dropdown :[[ChromeDriver: chrome on WINDOWS (e97858c89ea35e4f7abbfa5635adf862)] -> xpath: //select[@id='product_attribute_1']]
2023-02-13 23:02:247 INFO  ComputerPage :78 - select on third option[[ChromeDriver: chrome on WINDOWS (e97858c89ea35e4f7abbfa5635adf862)] -> xpath: //select[@id='product_attribute_2']]
2023-02-13 23:02:440 INFO  ComputerPage :84 - click on radio button from hdd[[ChromeDriver: chrome on WINDOWS (e97858c89ea35e4f7abbfa5635adf862)] -> xpath: //input[@id='product_attribute_3_6']]
2023-02-13 23:02:526 INFO  ComputerPage :88 - click on os button[[ChromeDriver: chrome on WINDOWS (e97858c89ea35e4f7abbfa5635adf862)] -> id: product_attribute_4_8]
2023-02-13 23:02:542 INFO  ComputerPage :91 - click on check boxes[[ChromeDriver: chrome on WINDOWS (e97858c89ea35e4f7abbfa5635adf862)] -> id: product_attribute_5_10]
2023-02-13 23:02:624 INFO  ComputerPage :95 - click on add to cart button[[ChromeDriver: chrome on WINDOWS (e97858c89ea35e4f7abbfa5635adf862)] -> xpath: //button[@id='add-to-cart-button-1']]
2023-02-13 23:02:203 INFO  ComputerPage :63 - click on computers tab[[ChromeDriver: chrome on WINDOWS (d60441da85414f36b5c21831cd7b89c3)] -> xpath: //ul[@class='top-menu notmobile']/li//a[@href='/computers']]
2023-02-13 23:02:101 INFO  ComputerPage :54 - click on DesktopsLink : Proxy element for: DefaultElementLocator 'By.xpath: //div[@class='page-body']/div[1]/div[1]/div[1]/div[1]/h2/a'
2023-02-13 23:02:882 INFO  ComputerPage :68 - click on Build Your Own Computer :Proxy element for: DefaultElementLocator 'By.linkText: Build your own computer'
2023-02-13 23:02:981 INFO  ComputerPage :75 - select option from dropdown :[[ChromeDriver: chrome on WINDOWS (d60441da85414f36b5c21831cd7b89c3)] -> xpath: //select[@id='product_attribute_1']]
2023-02-13 23:02:999 INFO  ComputerPage :78 - select on third option[[ChromeDriver: chrome on WINDOWS (d60441da85414f36b5c21831cd7b89c3)] -> xpath: //select[@id='product_attribute_2']]
2023-02-13 23:02:177 INFO  ComputerPage :84 - click on radio button from hdd[[ChromeDriver: chrome on WINDOWS (d60441da85414f36b5c21831cd7b89c3)] -> xpath: //input[@id='product_attribute_3_6']]
2023-02-13 23:02:228 INFO  ComputerPage :88 - click on os button[[ChromeDriver: chrome on WINDOWS (d60441da85414f36b5c21831cd7b89c3)] -> id: product_attribute_4_8]
2023-02-13 23:02:243 INFO  ComputerPage :91 - click on check boxes[[ChromeDriver: chrome on WINDOWS (d60441da85414f36b5c21831cd7b89c3)] -> id: product_attribute_5_10]
2023-02-13 23:02:311 INFO  ComputerPage :95 - click on add to cart button[[ChromeDriver: chrome on WINDOWS (d60441da85414f36b5c21831cd7b89c3)] -> xpath: //button[@id='add-to-cart-button-1']]
2023-02-13 23:02:133 INFO  ComputerPage :63 - click on computers tab[[ChromeDriver: chrome on WINDOWS (2e2cd74216d89aac395aa32498c70426)] -> xpath: //ul[@class='top-menu notmobile']/li//a[@href='/computers']]
2023-02-13 23:02:138 INFO  ComputerPage :54 - click on DesktopsLink : Proxy element for: DefaultElementLocator 'By.xpath: //div[@class='page-body']/div[1]/div[1]/div[1]/div[1]/h2/a'
2023-02-13 23:02:906 INFO  ComputerPage :68 - click on Build Your Own Computer :Proxy element for: DefaultElementLocator 'By.linkText: Build your own computer'
2023-02-13 23:02:04 INFO  ComputerPage :75 - select option from dropdown :[[ChromeDriver: chrome on WINDOWS (2e2cd74216d89aac395aa32498c70426)] -> xpath: //select[@id='product_attribute_1']]
2023-02-13 23:02:21 INFO  ComputerPage :78 - select on third option[[ChromeDriver: chrome on WINDOWS (2e2cd74216d89aac395aa32498c70426)] -> xpath: //select[@id='product_attribute_2']]
2023-02-13 23:02:183 INFO  ComputerPage :84 - click on radio button from hdd[[ChromeDriver: chrome on WINDOWS (2e2cd74216d89aac395aa32498c70426)] -> xpath: //input[@id='product_attribute_3_6']]
2023-02-13 23:02:242 INFO  ComputerPage :88 - click on os button[[ChromeDriver: chrome on WINDOWS (2e2cd74216d89aac395aa32498c70426)] -> id: product_attribute_4_8]
2023-02-13 23:02:259 INFO  ComputerPage :91 - click on check boxes[[ChromeDriver: chrome on WINDOWS (2e2cd74216d89aac395aa32498c70426)] -> id: product_attribute_5_10]
2023-02-13 23:02:323 INFO  ComputerPage :95 - click on add to cart button[[ChromeDriver: chrome on WINDOWS (2e2cd74216d89aac395aa32498c70426)] -> xpath: //button[@id='add-to-cart-button-1']]
2023-02-13 23:02:898 INFO  LoginPage :69 - clicking on login link : [[ChromeDriver: chrome on WINDOWS (fdd45ba5b3e6af868d4feb82e08e3ef1)] -> xpath: //a[contains(text(),'Log in')]]
2023-02-13 23:02:931 INFO  LoginPage :45 - getting text from : [[ChromeDriver: chrome on WINDOWS (fdd45ba5b3e6af868d4feb82e08e3ef1)] -> xpath: //h1[contains(text(),'Welcome, Please Sign In!')]]
2023-02-13 23:02:951 INFO  LoginPage :45 - getting text from : [[ChromeDriver: chrome on WINDOWS (fdd45ba5b3e6af868d4feb82e08e3ef1)] -> xpath: //h1[contains(text(),'Welcome, Please Sign In!')]]
2023-02-13 23:02:91 INFO  LoginPage :69 - clicking on login link : [[ChromeDriver: chrome on WINDOWS (55ffb8464f474ee5aa756b767865a11b)] -> xpath: //a[contains(text(),'Log in')]]
2023-02-13 23:02:230 INFO  LoginPage :69 - clicking on login link : [[ChromeDriver: chrome on WINDOWS (45af811665f5c661252bc1e9f5aea794)] -> xpath: //a[contains(text(),'Log in')]]
2023-02-13 23:02:522 INFO  LoginPage :69 - clicking on login link : [[ChromeDriver: chrome on WINDOWS (84696d6f831cf44680d2c64afe0db0e6)] -> xpath: //a[contains(text(),'Log in')]]
2023-02-13 23:02:729 INFO  RegisterPage :62 - click on register link :[[ChromeDriver: chrome on WINDOWS (38c9125c2588d8de844ff68db4f6a51c)] -> link text: Register]
2023-02-13 23:02:236 INFO  RegisterPage :62 - click on register link :[[ChromeDriver: chrome on WINDOWS (abcb800d31b59f6cf6e701a082375e69)] -> link text: Register]
2023-02-13 23:02:274 INFO  RegisterPage :76 - enter first name [[ChromeDriver: chrome on WINDOWS (abcb800d31b59f6cf6e701a082375e69)] -> id: FirstName]
2023-02-13 23:02:526 INFO  RegisterPage :82 - enter first name [[ChromeDriver: chrome on WINDOWS (abcb800d31b59f6cf6e701a082375e69)] -> name: LastName]
2023-02-13 23:02:256 INFO  RegisterPage :110 - enter password [[ChromeDriver: chrome on WINDOWS (abcb800d31b59f6cf6e701a082375e69)] -> id: ConfirmPassword]
2023-02-13 23:02:412 INFO  RegisterPage :114 - click on register button[[ChromeDriver: chrome on WINDOWS (abcb800d31b59f6cf6e701a082375e69)] -> id: register-button]
2023-02-13 23:02:988 INFO  RegisterPage :62 - click on register link :[[ChromeDriver: chrome on WINDOWS (cf3bf4ffd52dad528b4e6af151773d2d)] -> link text: Register]
2023-02-13 23:02:74 INFO  RegisterPage :76 - enter first name [[ChromeDriver: chrome on WINDOWS (cf3bf4ffd52dad528b4e6af151773d2d)] -> id: FirstName]
2023-02-13 23:02:220 INFO  RegisterPage :82 - enter first name [[ChromeDriver: chrome on WINDOWS (cf3bf4ffd52dad528b4e6af151773d2d)] -> name: LastName]
2023-02-13 23:02:455 INFO  RegisterPage :110 - enter password [[ChromeDriver: chrome on WINDOWS (cf3bf4ffd52dad528b4e6af151773d2d)] -> id: ConfirmPassword]
2023-02-13 23:02:529 INFO  RegisterPage :114 - click on register button[[ChromeDriver: chrome on WINDOWS (cf3bf4ffd52dad528b4e6af151773d2d)] -> id: register-button]
2023-02-13 23:02:480 INFO  RegisterPage :62 - click on register link :[[ChromeDriver: chrome on WINDOWS (91caa9363dc5efa8862bcfcde27e836f)] -> link text: Register]
2023-02-13 23:02:508 INFO  RegisterPage :76 - enter first name [[ChromeDriver: chrome on WINDOWS (91caa9363dc5efa8862bcfcde27e836f)] -> id: FirstName]
2023-02-13 23:02:737 INFO  RegisterPage :82 - enter first name [[ChromeDriver: chrome on WINDOWS (91caa9363dc5efa8862bcfcde27e836f)] -> name: LastName]
2023-02-13 23:02:65 INFO  RegisterPage :110 - enter password [[ChromeDriver: chrome on WINDOWS (91caa9363dc5efa8862bcfcde27e836f)] -> id: ConfirmPassword]
2023-02-13 23:02:159 INFO  RegisterPage :114 - click on register button[[ChromeDriver: chrome on WINDOWS (91caa9363dc5efa8862bcfcde27e836f)] -> id: register-button]
2023-02-13 23:02:600 INFO  RegisterPage :62 - click on register link :[[ChromeDriver: chrome on WINDOWS (23298cdde3e93b2001449e0766ba4c3a)] -> link text: Register]
2023-02-13 23:02:630 INFO  RegisterPage :76 - enter first name [[ChromeDriver: chrome on WINDOWS (23298cdde3e93b2001449e0766ba4c3a)] -> id: FirstName]
2023-02-13 23:02:822 INFO  RegisterPage :82 - enter first name [[ChromeDriver: chrome on WINDOWS (23298cdde3e93b2001449e0766ba4c3a)] -> name: LastName]
2023-02-13 23:02:377 INFO  RegisterPage :110 - enter password [[ChromeDriver: chrome on WINDOWS (23298cdde3e93b2001449e0766ba4c3a)] -> id: ConfirmPassword]
2023-02-13 23:02:505 INFO  RegisterPage :114 - click on register button[[ChromeDriver: chrome on WINDOWS (23298cdde3e93b2001449e0766ba4c3a)] -> id: register-button]
2023-02-13 23:02:143 INFO  RegisterPage :62 - click on register link :[[ChromeDriver: chrome on WINDOWS (6ed5cdf74339f67f2d2566fc3397523a)] -> link text: Register]
2023-02-13 23:02:167 INFO  RegisterPage :76 - enter first name [[ChromeDriver: chrome on WINDOWS (6ed5cdf74339f67f2d2566fc3397523a)] -> id: FirstName]
2023-02-13 23:02:250 INFO  RegisterPage :82 - enter first name [[ChromeDriver: chrome on WINDOWS (6ed5cdf74339f67f2d2566fc3397523a)] -> name: LastName]
2023-02-13 23:02:588 INFO  RegisterPage :110 - enter password [[ChromeDriver: chrome on WINDOWS (6ed5cdf74339f67f2d2566fc3397523a)] -> id: ConfirmPassword]
2023-02-13 23:02:654 INFO  RegisterPage :114 - click on register button[[ChromeDriver: chrome on WINDOWS (6ed5cdf74339f67f2d2566fc3397523a)] -> id: register-button]
2023-02-13 23:02:127 INFO  RegisterPage :62 - click on register link :[[ChromeDriver: chrome on WINDOWS (205a86e279f99365f39d7bbe9dabd200)] -> link text: Register]
2023-02-13 23:02:144 INFO  RegisterPage :70 - click on female radio button[[ChromeDriver: chrome on WINDOWS (205a86e279f99365f39d7bbe9dabd200)] -> xpath: //div[@class='gender']//input[@id='gender-male']]
2023-02-13 23:02:266 INFO  RegisterPage :76 - enter first name [[ChromeDriver: chrome on WINDOWS (205a86e279f99365f39d7bbe9dabd200)] -> id: FirstName]
2023-02-13 23:02:409 INFO  RegisterPage :82 - enter first name [[ChromeDriver: chrome on WINDOWS (205a86e279f99365f39d7bbe9dabd200)] -> name: LastName]
2023-02-13 23:02:526 INFO  RegisterPage :89 - click on date of birthday[[ChromeDriver: chrome on WINDOWS (205a86e279f99365f39d7bbe9dabd200)] -> name: DateOfBirthDay]
2023-02-13 23:02:599 INFO  RegisterPage :93 - click on date of birt month[[ChromeDriver: chrome on WINDOWS (205a86e279f99365f39d7bbe9dabd200)] -> name: DateOfBirthMonth]
2023-02-13 23:02:675 INFO  RegisterPage :97 - click on date of birth year[[ChromeDriver: chrome on WINDOWS (205a86e279f99365f39d7bbe9dabd200)] -> name: DateOfBirthYear]
2023-02-13 23:02:914 INFO  RegisterPage :110 - enter password [[ChromeDriver: chrome on WINDOWS (205a86e279f99365f39d7bbe9dabd200)] -> id: ConfirmPassword]
2023-02-13 23:02:992 INFO  RegisterPage :114 - click on register button[[ChromeDriver: chrome on WINDOWS (205a86e279f99365f39d7bbe9dabd200)] -> id: register-button]
2023-02-14 00:02:500 INFO  ComputerPage :63 - click on computers tab[[ChromeDriver: chrome on WINDOWS (10e0aa82b36a6d57e0bbba9eddbf4b46)] -> xpath: //ul[@class='top-menu notmobile']/li//a[@href='/computers']]
2023-02-14 00:02:188 INFO  ComputerPage :63 - click on computers tab[[ChromeDriver: chrome on WINDOWS (1411af9315938723a72f1998c6056457)] -> xpath: //ul[@class='top-menu notmobile']/li//a[@href='/computers']]
2023-02-14 00:02:882 INFO  ComputerPage :54 - click on DesktopsLink : Proxy element for: DefaultElementLocator 'By.xpath: //div[@class='page-body']/div[1]/div[1]/div[1]/div[1]/h2/a'
2023-02-14 00:02:434 INFO  ComputerPage :63 - click on computers tab[[ChromeDriver: chrome on WINDOWS (de143f0445cb07710454dcd1a400fd32)] -> xpath: //ul[@class='top-menu notmobile']/li//a[@href='/computers']]
2023-02-14 00:02:233 INFO  ComputerPage :54 - click on DesktopsLink : Proxy element for: DefaultElementLocator 'By.xpath: //div[@class='page-body']/div[1]/div[1]/div[1]/div[1]/h2/a'
2023-02-14 00:02:208 INFO  ComputerPage :68 - click on Build Your Own Computer :Proxy element for: DefaultElementLocator 'By.linkText: Build your own computer'
2023-02-14 00:02:392 INFO  ComputerPage :75 - select option from dropdown :[[ChromeDriver: chrome on WINDOWS (de143f0445cb07710454dcd1a400fd32)] -> xpath: //select[@id='product_attribute_1']]
2023-02-14 00:02:410 INFO  ComputerPage :78 - select on third option[[ChromeDriver: chrome on WINDOWS (de143f0445cb07710454dcd1a400fd32)] -> xpath: //select[@id='product_attribute_2']]
2023-02-14 00:02:634 INFO  ComputerPage :84 - click on radio button from hdd[[ChromeDriver: chrome on WINDOWS (de143f0445cb07710454dcd1a400fd32)] -> xpath: //input[@id='product_attribute_3_6']]
2023-02-14 00:02:717 INFO  ComputerPage :88 - click on os button[[ChromeDriver: chrome on WINDOWS (de143f0445cb07710454dcd1a400fd32)] -> id: product_attribute_4_8]
2023-02-14 00:02:738 INFO  ComputerPage :91 - click on check boxes[[ChromeDriver: chrome on WINDOWS (de143f0445cb07710454dcd1a400fd32)] -> id: product_attribute_5_10]
2023-02-14 00:02:833 INFO  ComputerPage :95 - click on add to cart button[[ChromeDriver: chrome on WINDOWS (de143f0445cb07710454dcd1a400fd32)] -> xpath: //button[@id='add-to-cart-button-1']]
2023-02-14 00:02:347 INFO  ComputerPage :63 - click on computers tab[[ChromeDriver: chrome on WINDOWS (6bc8d9005600db4772938a93a5374f1b)] -> xpath: //ul[@class='top-menu notmobile']/li//a[@href='/computers']]
2023-02-14 00:02:500 INFO  ComputerPage :54 - click on DesktopsLink : Proxy element for: DefaultElementLocator 'By.xpath: //div[@class='page-body']/div[1]/div[1]/div[1]/div[1]/h2/a'
2023-02-14 00:02:349 INFO  ComputerPage :68 - click on Build Your Own Computer :Proxy element for: DefaultElementLocator 'By.linkText: Build your own computer'
2023-02-14 00:02:481 INFO  ComputerPage :75 - select option from dropdown :[[ChromeDriver: chrome on WINDOWS (6bc8d9005600db4772938a93a5374f1b)] -> xpath: //select[@id='product_attribute_1']]
2023-02-14 00:02:501 INFO  ComputerPage :78 - select on third option[[ChromeDriver: chrome on WINDOWS (6bc8d9005600db4772938a93a5374f1b)] -> xpath: //select[@id='product_attribute_2']]
2023-02-14 00:02:718 INFO  ComputerPage :84 - click on radio button from hdd[[ChromeDriver: chrome on WINDOWS (6bc8d9005600db4772938a93a5374f1b)] -> xpath: //input[@id='product_attribute_3_6']]
2023-02-14 00:02:780 INFO  ComputerPage :88 - click on os button[[ChromeDriver: chrome on WINDOWS (6bc8d9005600db4772938a93a5374f1b)] -> id: product_attribute_4_8]
2023-02-14 00:02:795 INFO  ComputerPage :91 - click on check boxes[[ChromeDriver: chrome on WINDOWS (6bc8d9005600db4772938a93a5374f1b)] -> id: product_attribute_5_10]
2023-02-14 00:02:874 INFO  ComputerPage :95 - click on add to cart button[[ChromeDriver: chrome on WINDOWS (6bc8d9005600db4772938a93a5374f1b)] -> xpath: //button[@id='add-to-cart-button-1']]
2023-02-14 00:02:276 INFO  ComputerPage :63 - click on computers tab[[ChromeDriver: chrome on WINDOWS (a788d741536d403f8213349571dca441)] -> xpath: //ul[@class='top-menu notmobile']/li//a[@href='/computers']]
2023-02-14 00:02:116 INFO  ComputerPage :54 - click on DesktopsLink : Proxy element for: DefaultElementLocator 'By.xpath: //div[@class='page-body']/div[1]/div[1]/div[1]/div[1]/h2/a'
2023-02-14 00:02:00 INFO  ComputerPage :68 - click on Build Your Own Computer :Proxy element for: DefaultElementLocator 'By.linkText: Build your own computer'
2023-02-14 00:02:146 INFO  ComputerPage :75 - select option from dropdown :[[ChromeDriver: chrome on WINDOWS (a788d741536d403f8213349571dca441)] -> xpath: //select[@id='product_attribute_1']]
2023-02-14 00:02:168 INFO  ComputerPage :78 - select on third option[[ChromeDriver: chrome on WINDOWS (a788d741536d403f8213349571dca441)] -> xpath: //select[@id='product_attribute_2']]
2023-02-14 00:02:422 INFO  ComputerPage :84 - click on radio button from hdd[[ChromeDriver: chrome on WINDOWS (a788d741536d403f8213349571dca441)] -> xpath: //input[@id='product_attribute_3_6']]
2023-02-14 00:02:517 INFO  ComputerPage :88 - click on os button[[ChromeDriver: chrome on WINDOWS (a788d741536d403f8213349571dca441)] -> id: product_attribute_4_8]
2023-02-14 00:02:547 INFO  ComputerPage :91 - click on check boxes[[ChromeDriver: chrome on WINDOWS (a788d741536d403f8213349571dca441)] -> id: product_attribute_5_10]
2023-02-14 00:02:648 INFO  ComputerPage :95 - click on add to cart button[[ChromeDriver: chrome on WINDOWS (a788d741536d403f8213349571dca441)] -> xpath: //button[@id='add-to-cart-button-1']]
2023-02-14 00:02:549 INFO  LoginPage :69 - clicking on login link : [[ChromeDriver: chrome on WINDOWS (5c4224735ceaa5a85b4a1fe75774cfca)] -> xpath: //a[contains(text(),'Log in')]]
2023-02-14 00:02:650 INFO  LoginPage :45 - getting text from : [[ChromeDriver: chrome on WINDOWS (5c4224735ceaa5a85b4a1fe75774cfca)] -> xpath: //h1[contains(text(),'Welcome, Please Sign In!')]]
2023-02-14 00:02:731 INFO  LoginPage :45 - getting text from : [[ChromeDriver: chrome on WINDOWS (5c4224735ceaa5a85b4a1fe75774cfca)] -> xpath: //h1[contains(text(),'Welcome, Please Sign In!')]]
2023-02-14 00:02:718 INFO  LoginPage :69 - clicking on login link : [[ChromeDriver: chrome on WINDOWS (acf6bb30b33005a24ff05f1a559ff004)] -> xpath: //a[contains(text(),'Log in')]]
2023-02-14 00:02:378 INFO  LoginPage :69 - clicking on login link : [[ChromeDriver: chrome on WINDOWS (85bc63f71fc5083d8fb2f506cd5bf8d6)] -> xpath: //a[contains(text(),'Log in')]]
2023-02-14 00:02:523 INFO  LoginPage :69 - clicking on login link : [[ChromeDriver: chrome on WINDOWS (63ddf754b171924849384a9e94199578)] -> xpath: //a[contains(text(),'Log in')]]
2023-02-14 00:02:776 INFO  RegisterPage :62 - click on register link :[[ChromeDriver: chrome on WINDOWS (47416e396f18f47225fc45eddcc62d8f)] -> link text: Register]
2023-02-14 00:02:808 INFO  RegisterPage :62 - click on register link :[[ChromeDriver: chrome on WINDOWS (05242b26e199c7793140561e4e024b80)] -> link text: Register]
2023-02-14 00:02:866 INFO  RegisterPage :76 - enter first name [[ChromeDriver: chrome on WINDOWS (05242b26e199c7793140561e4e024b80)] -> id: FirstName]
2023-02-14 00:02:991 INFO  RegisterPage :82 - enter first name [[ChromeDriver: chrome on WINDOWS (05242b26e199c7793140561e4e024b80)] -> name: LastName]
2023-02-14 00:02:381 INFO  RegisterPage :110 - enter password [[ChromeDriver: chrome on WINDOWS (05242b26e199c7793140561e4e024b80)] -> id: ConfirmPassword]
2023-02-14 00:02:476 INFO  RegisterPage :114 - click on register button[[ChromeDriver: chrome on WINDOWS (05242b26e199c7793140561e4e024b80)] -> id: register-button]
2023-02-14 00:02:613 INFO  RegisterPage :62 - click on register link :[[ChromeDriver: chrome on WINDOWS (4f0f88b386d7fae7335b64fa05c83bef)] -> link text: Register]
2023-02-14 00:02:640 INFO  RegisterPage :76 - enter first name [[ChromeDriver: chrome on WINDOWS (4f0f88b386d7fae7335b64fa05c83bef)] -> id: FirstName]
2023-02-14 00:02:750 INFO  RegisterPage :82 - enter first name [[ChromeDriver: chrome on WINDOWS (4f0f88b386d7fae7335b64fa05c83bef)] -> name: LastName]
2023-02-14 00:02:69 INFO  RegisterPage :110 - enter password [[ChromeDriver: chrome on WINDOWS (4f0f88b386d7fae7335b64fa05c83bef)] -> id: ConfirmPassword]
2023-02-14 00:02:162 INFO  RegisterPage :114 - click on register button[[ChromeDriver: chrome on WINDOWS (4f0f88b386d7fae7335b64fa05c83bef)] -> id: register-button]
2023-02-14 00:02:552 INFO  RegisterPage :62 - click on register link :[[ChromeDriver: chrome on WINDOWS (81d20188b69a5791375a5493e3a8b14d)] -> link text: Register]
2023-02-14 00:02:566 INFO  RegisterPage :76 - enter first name [[ChromeDriver: chrome on WINDOWS (81d20188b69a5791375a5493e3a8b14d)] -> id: FirstName]
2023-02-14 00:02:826 INFO  RegisterPage :82 - enter first name [[ChromeDriver: chrome on WINDOWS (81d20188b69a5791375a5493e3a8b14d)] -> name: LastName]
2023-02-14 00:02:35 INFO  RegisterPage :110 - enter password [[ChromeDriver: chrome on WINDOWS (81d20188b69a5791375a5493e3a8b14d)] -> id: ConfirmPassword]
2023-02-14 00:02:109 INFO  RegisterPage :114 - click on register button[[ChromeDriver: chrome on WINDOWS (81d20188b69a5791375a5493e3a8b14d)] -> id: register-button]
2023-02-14 00:02:981 INFO  RegisterPage :62 - click on register link :[[ChromeDriver: chrome on WINDOWS (e9507c5bb7f65869bbafb450025ac253)] -> link text: Register]
2023-02-14 00:02:10 INFO  RegisterPage :76 - enter first name [[ChromeDriver: chrome on WINDOWS (e9507c5bb7f65869bbafb450025ac253)] -> id: FirstName]
2023-02-14 00:02:101 INFO  RegisterPage :82 - enter first name [[ChromeDriver: chrome on WINDOWS (e9507c5bb7f65869bbafb450025ac253)] -> name: LastName]
2023-02-14 00:02:440 INFO  RegisterPage :110 - enter password [[ChromeDriver: chrome on WINDOWS (e9507c5bb7f65869bbafb450025ac253)] -> id: ConfirmPassword]
2023-02-14 00:02:510 INFO  RegisterPage :114 - click on register button[[ChromeDriver: chrome on WINDOWS (e9507c5bb7f65869bbafb450025ac253)] -> id: register-button]
2023-02-14 00:02:503 INFO  RegisterPage :62 - click on register link :[[ChromeDriver: chrome on WINDOWS (efd2efb56974d8b14f2f62bae1f36a6e)] -> link text: Register]
2023-02-14 00:02:539 INFO  RegisterPage :76 - enter first name [[ChromeDriver: chrome on WINDOWS (efd2efb56974d8b14f2f62bae1f36a6e)] -> id: FirstName]
2023-02-14 00:02:613 INFO  RegisterPage :82 - enter first name [[ChromeDriver: chrome on WINDOWS (efd2efb56974d8b14f2f62bae1f36a6e)] -> name: LastName]
2023-02-14 00:02:50 INFO  RegisterPage :110 - enter password [[ChromeDriver: chrome on WINDOWS (efd2efb56974d8b14f2f62bae1f36a6e)] -> id: ConfirmPassword]
2023-02-14 00:02:141 INFO  RegisterPage :114 - click on register button[[ChromeDriver: chrome on WINDOWS (efd2efb56974d8b14f2f62bae1f36a6e)] -> id: register-button]
2023-02-14 00:02:317 INFO  RegisterPage :62 - click on register link :[[ChromeDriver: chrome on WINDOWS (eac3beb3e3e3f82f57c7ca8870447e5e)] -> link text: Register]
2023-02-14 00:02:480 INFO  RegisterPage :70 - click on female radio button[[ChromeDriver: chrome on WINDOWS (eac3beb3e3e3f82f57c7ca8870447e5e)] -> xpath: //div[@class='gender']//input[@id='gender-male']]
2023-02-14 00:02:600 INFO  RegisterPage :76 - enter first name [[ChromeDriver: chrome on WINDOWS (eac3beb3e3e3f82f57c7ca8870447e5e)] -> id: FirstName]
2023-02-14 00:02:751 INFO  RegisterPage :82 - enter first name [[ChromeDriver: chrome on WINDOWS (eac3beb3e3e3f82f57c7ca8870447e5e)] -> name: LastName]
2023-02-14 00:02:895 INFO  RegisterPage :89 - click on date of birthday[[ChromeDriver: chrome on WINDOWS (eac3beb3e3e3f82f57c7ca8870447e5e)] -> name: DateOfBirthDay]
2023-02-14 00:02:991 INFO  RegisterPage :93 - click on date of birt month[[ChromeDriver: chrome on WINDOWS (eac3beb3e3e3f82f57c7ca8870447e5e)] -> name: DateOfBirthMonth]
2023-02-14 00:02:63 INFO  RegisterPage :97 - click on date of birth year[[ChromeDriver: chrome on WINDOWS (eac3beb3e3e3f82f57c7ca8870447e5e)] -> name: DateOfBirthYear]
2023-02-14 00:02:345 INFO  RegisterPage :110 - enter password [[ChromeDriver: chrome on WINDOWS (eac3beb3e3e3f82f57c7ca8870447e5e)] -> id: ConfirmPassword]
2023-02-14 00:02:461 INFO  RegisterPage :114 - click on register button[[ChromeDriver: chrome on WINDOWS (eac3beb3e3e3f82f57c7ca8870447e5e)] -> id: register-button]
2023-02-14 00:02:792 INFO  RegisterPage :62 - click on register link :[[ChromeDriver: chrome on WINDOWS (84925101fc063d7d38d8d573e6e7a2f2)] -> link text: Register]
2023-02-14 00:02:809 INFO  RegisterPage :76 - enter first name [[ChromeDriver: chrome on WINDOWS (84925101fc063d7d38d8d573e6e7a2f2)] -> id: FirstName]
2023-02-14 00:02:852 INFO  RegisterPage :82 - enter first name [[ChromeDriver: chrome on WINDOWS (84925101fc063d7d38d8d573e6e7a2f2)] -> name: LastName]
2023-02-14 00:02:08 INFO  RegisterPage :110 - enter password [[ChromeDriver: chrome on WINDOWS (84925101fc063d7d38d8d573e6e7a2f2)] -> id: ConfirmPassword]
2023-02-14 00:02:73 INFO  RegisterPage :114 - click on register button[[ChromeDriver: chrome on WINDOWS (84925101fc063d7d38d8d573e6e7a2f2)] -> id: register-button]
2023-02-14 00:02:383 INFO  RegisterPage :62 - click on register link :[[ChromeDriver: chrome on WINDOWS (598a9f1c780e0b32233944d9e0a7c2e7)] -> link text: Register]
2023-02-14 00:02:396 INFO  RegisterPage :76 - enter first name [[ChromeDriver: chrome on WINDOWS (598a9f1c780e0b32233944d9e0a7c2e7)] -> id: FirstName]
2023-02-14 00:02:465 INFO  RegisterPage :82 - enter first name [[ChromeDriver: chrome on WINDOWS (598a9f1c780e0b32233944d9e0a7c2e7)] -> name: LastName]
2023-02-14 00:02:634 INFO  RegisterPage :110 - enter password [[ChromeDriver: chrome on WINDOWS (598a9f1c780e0b32233944d9e0a7c2e7)] -> id: ConfirmPassword]
2023-02-14 00:02:688 INFO  RegisterPage :114 - click on register button[[ChromeDriver: chrome on WINDOWS (598a9f1c780e0b32233944d9e0a7c2e7)] -> id: register-button]
2023-02-14 00:02:157 INFO  RegisterPage :62 - click on register link :[[ChromeDriver: chrome on WINDOWS (1db4c6243b5c6096552d0d4b1745be8a)] -> link text: Register]
2023-02-14 00:02:173 INFO  RegisterPage :76 - enter first name [[ChromeDriver: chrome on WINDOWS (1db4c6243b5c6096552d0d4b1745be8a)] -> id: FirstName]
2023-02-14 00:02:234 INFO  RegisterPage :82 - enter first name [[ChromeDriver: chrome on WINDOWS (1db4c6243b5c6096552d0d4b1745be8a)] -> name: LastName]
2023-02-14 00:02:423 INFO  RegisterPage :110 - enter password [[ChromeDriver: chrome on WINDOWS (1db4c6243b5c6096552d0d4b1745be8a)] -> id: ConfirmPassword]
2023-02-14 00:02:483 INFO  RegisterPage :114 - click on register button[[ChromeDriver: chrome on WINDOWS (1db4c6243b5c6096552d0d4b1745be8a)] -> id: register-button]
2023-02-14 00:02:174 INFO  RegisterPage :62 - click on register link :[[ChromeDriver: chrome on WINDOWS (73da27d47d4ccf623beb4a9907230bcc)] -> link text: Register]
2023-02-14 00:02:190 INFO  RegisterPage :76 - enter first name [[ChromeDriver: chrome on WINDOWS (73da27d47d4ccf623beb4a9907230bcc)] -> id: FirstName]
2023-02-14 00:02:266 INFO  RegisterPage :82 - enter first name [[ChromeDriver: chrome on WINDOWS (73da27d47d4ccf623beb4a9907230bcc)] -> name: LastName]
2023-02-14 00:02:493 INFO  RegisterPage :110 - enter password [[ChromeDriver: chrome on WINDOWS (73da27d47d4ccf623beb4a9907230bcc)] -> id: ConfirmPassword]
2023-02-14 00:02:576 INFO  RegisterPage :114 - click on register button[[ChromeDriver: chrome on WINDOWS (73da27d47d4ccf623beb4a9907230bcc)] -> id: register-button]
2023-02-14 00:02:66 INFO  RegisterPage :62 - click on register link :[[ChromeDriver: chrome on WINDOWS (0c7e51d5aa515f2c7d2d80e63333e5da)] -> link text: Register]
2023-02-14 00:02:83 INFO  RegisterPage :76 - enter first name [[ChromeDriver: chrome on WINDOWS (0c7e51d5aa515f2c7d2d80e63333e5da)] -> id: FirstName]
2023-02-14 00:02:153 INFO  RegisterPage :82 - enter first name [[ChromeDriver: chrome on WINDOWS (0c7e51d5aa515f2c7d2d80e63333e5da)] -> name: LastName]
2023-02-14 00:02:391 INFO  RegisterPage :110 - enter password [[ChromeDriver: chrome on WINDOWS (0c7e51d5aa515f2c7d2d80e63333e5da)] -> id: ConfirmPassword]
2023-02-14 00:02:450 INFO  RegisterPage :114 - click on register button[[ChromeDriver: chrome on WINDOWS (0c7e51d5aa515f2c7d2d80e63333e5da)] -> id: register-button]
2023-02-14 00:02:94 INFO  RegisterPage :62 - click on register link :[[ChromeDriver: chrome on WINDOWS (184872246c9ce486df9c54e6f34225c6)] -> link text: Register]
2023-02-14 00:02:114 INFO  RegisterPage :76 - enter first name [[ChromeDriver: chrome on WINDOWS (184872246c9ce486df9c54e6f34225c6)] -> id: FirstName]
2023-02-14 00:02:164 INFO  RegisterPage :82 - enter first name [[ChromeDriver: chrome on WINDOWS (184872246c9ce486df9c54e6f34225c6)] -> name: LastName]
2023-02-14 00:02:331 INFO  RegisterPage :110 - enter password [[ChromeDriver: chrome on WINDOWS (184872246c9ce486df9c54e6f34225c6)] -> id: ConfirmPassword]
2023-02-14 00:02:380 INFO  RegisterPage :114 - click on register button[[ChromeDriver: chrome on WINDOWS (184872246c9ce486df9c54e6f34225c6)] -> id: register-button]
2023-02-14 00:02:306 INFO  RegisterPage :62 - click on register link :[[ChromeDriver: chrome on WINDOWS (b0d9b0e598350f380399920fe3beb44e)] -> link text: Register]
2023-02-14 00:02:324 INFO  RegisterPage :76 - enter first name [[ChromeDriver: chrome on WINDOWS (b0d9b0e598350f380399920fe3beb44e)] -> id: FirstName]
2023-02-14 00:02:389 INFO  RegisterPage :82 - enter first name [[ChromeDriver: chrome on WINDOWS (b0d9b0e598350f380399920fe3beb44e)] -> name: LastName]
2023-02-14 00:02:601 INFO  RegisterPage :110 - enter password [[ChromeDriver: chrome on WINDOWS (b0d9b0e598350f380399920fe3beb44e)] -> id: ConfirmPassword]
2023-02-14 00:02:667 INFO  RegisterPage :114 - click on register button[[ChromeDriver: chrome on WINDOWS (b0d9b0e598350f380399920fe3beb44e)] -> id: register-button]
2023-02-14 00:02:147 INFO  RegisterPage :62 - click on register link :[[ChromeDriver: chrome on WINDOWS (66e9f6e5cd92041abcd3f1ba315527d8)] -> link text: Register]
2023-02-14 00:02:167 INFO  RegisterPage :76 - enter first name [[ChromeDriver: chrome on WINDOWS (66e9f6e5cd92041abcd3f1ba315527d8)] -> id: FirstName]
2023-02-14 00:02:232 INFO  RegisterPage :82 - enter first name [[ChromeDriver: chrome on WINDOWS (66e9f6e5cd92041abcd3f1ba315527d8)] -> name: LastName]
2023-02-14 00:02:400 INFO  RegisterPage :110 - enter password [[ChromeDriver: chrome on WINDOWS (66e9f6e5cd92041abcd3f1ba315527d8)] -> id: ConfirmPassword]
2023-02-14 00:02:465 INFO  RegisterPage :114 - click on register button[[ChromeDriver: chrome on WINDOWS (66e9f6e5cd92041abcd3f1ba315527d8)] -> id: register-button]
2023-02-14 00:02:377 INFO  RegisterPage :62 - click on register link :[[ChromeDriver: chrome on WINDOWS (b92c5cbb352bf524dae58555937732d1)] -> link text: Register]
2023-02-14 00:02:399 INFO  RegisterPage :76 - enter first name [[ChromeDriver: chrome on WINDOWS (b92c5cbb352bf524dae58555937732d1)] -> id: FirstName]
2023-02-14 00:02:468 INFO  RegisterPage :82 - enter first name [[ChromeDriver: chrome on WINDOWS (b92c5cbb352bf524dae58555937732d1)] -> name: LastName]
2023-02-14 00:02:673 INFO  RegisterPage :110 - enter password [[ChromeDriver: chrome on WINDOWS (b92c5cbb352bf524dae58555937732d1)] -> id: ConfirmPassword]
2023-02-14 00:02:746 INFO  RegisterPage :114 - click on register button[[ChromeDriver: chrome on WINDOWS (b92c5cbb352bf524dae58555937732d1)] -> id: register-button]
2023-02-14 00:02:933 INFO  RegisterPage :62 - click on register link :[[ChromeDriver: chrome on WINDOWS (e766811137333f2e076cc677f9cc38db)] -> link text: Register]
2023-02-14 00:02:948 INFO  RegisterPage :76 - enter first name [[ChromeDriver: chrome on WINDOWS (e766811137333f2e076cc677f9cc38db)] -> id: FirstName]
2023-02-14 00:02:16 INFO  RegisterPage :82 - enter first name [[ChromeDriver: chrome on WINDOWS (e766811137333f2e076cc677f9cc38db)] -> name: LastName]
2023-02-14 00:02:244 INFO  RegisterPage :110 - enter password [[ChromeDriver: chrome on WINDOWS (e766811137333f2e076cc677f9cc38db)] -> id: ConfirmPassword]
2023-02-14 00:02:310 INFO  RegisterPage :114 - click on register button[[ChromeDriver: chrome on WINDOWS (e766811137333f2e076cc677f9cc38db)] -> id: register-button]
2023-02-14 01:02:988 INFO  ComputerPage :63 - click on computers tab[[ChromeDriver: chrome on WINDOWS (f6031091f7330705116e32f8be006c8b)] -> xpath: //ul[@class='top-menu notmobile']/li//a[@href='/computers']]
2023-02-14 01:02:176 INFO  ComputerPage :63 - click on computers tab[[ChromeDriver: chrome on WINDOWS (6f5b84f3098579ed896f3ba66665e60d)] -> xpath: //ul[@class='top-menu notmobile']/li//a[@href='/computers']]
2023-02-14 01:02:541 INFO  ComputerPage :54 - click on DesktopsLink : Proxy element for: DefaultElementLocator 'By.xpath: //div[@class='page-body']/div[1]/div[1]/div[1]/div[1]/h2/a'
2023-02-14 01:02:453 INFO  ComputerPage :63 - click on computers tab[[ChromeDriver: chrome on WINDOWS (780dbf2a848c8bd5274e720765edbf8c)] -> xpath: //ul[@class='top-menu notmobile']/li//a[@href='/computers']]
2023-02-14 01:02:778 INFO  ComputerPage :54 - click on DesktopsLink : Proxy element for: DefaultElementLocator 'By.xpath: //div[@class='page-body']/div[1]/div[1]/div[1]/div[1]/h2/a'
2023-02-14 01:02:565 INFO  ComputerPage :68 - click on Build Your Own Computer :Proxy element for: DefaultElementLocator 'By.linkText: Build your own computer'
2023-02-14 01:02:714 INFO  ComputerPage :75 - select option from dropdown :[[ChromeDriver: chrome on WINDOWS (780dbf2a848c8bd5274e720765edbf8c)] -> xpath: //select[@id='product_attribute_1']]
2023-02-14 01:02:729 INFO  ComputerPage :78 - select on third option[[ChromeDriver: chrome on WINDOWS (780dbf2a848c8bd5274e720765edbf8c)] -> xpath: //select[@id='product_attribute_2']]
2023-02-14 01:02:893 INFO  ComputerPage :84 - click on radio button from hdd[[ChromeDriver: chrome on WINDOWS (780dbf2a848c8bd5274e720765edbf8c)] -> xpath: //input[@id='product_attribute_3_6']]
2023-02-14 01:02:955 INFO  ComputerPage :88 - click on os button[[ChromeDriver: chrome on WINDOWS (780dbf2a848c8bd5274e720765edbf8c)] -> id: product_attribute_4_8]
2023-02-14 01:02:975 INFO  ComputerPage :91 - click on check boxes[[ChromeDriver: chrome on WINDOWS (780dbf2a848c8bd5274e720765edbf8c)] -> id: product_attribute_5_10]
2023-02-14 01:02:40 INFO  ComputerPage :95 - click on add to cart button[[ChromeDriver: chrome on WINDOWS (780dbf2a848c8bd5274e720765edbf8c)] -> xpath: //button[@id='add-to-cart-button-1']]
2023-02-14 01:02:982 INFO  ComputerPage :63 - click on computers tab[[ChromeDriver: chrome on WINDOWS (9415440bcbac697fabb13e0d9e535b08)] -> xpath: //ul[@class='top-menu notmobile']/li//a[@href='/computers']]
2023-02-14 01:02:314 INFO  ComputerPage :54 - click on DesktopsLink : Proxy element for: DefaultElementLocator 'By.xpath: //div[@class='page-body']/div[1]/div[1]/div[1]/div[1]/h2/a'
2023-02-14 01:02:28 INFO  ComputerPage :68 - click on Build Your Own Computer :Proxy element for: DefaultElementLocator 'By.linkText: Build your own computer'
2023-02-14 01:02:136 INFO  ComputerPage :75 - select option from dropdown :[[ChromeDriver: chrome on WINDOWS (9415440bcbac697fabb13e0d9e535b08)] -> xpath: //select[@id='product_attribute_1']]
2023-02-14 01:02:150 INFO  ComputerPage :78 - select on third option[[ChromeDriver: chrome on WINDOWS (9415440bcbac697fabb13e0d9e535b08)] -> xpath: //select[@id='product_attribute_2']]
2023-02-14 01:02:314 INFO  ComputerPage :84 - click on radio button from hdd[[ChromeDriver: chrome on WINDOWS (9415440bcbac697fabb13e0d9e535b08)] -> xpath: //input[@id='product_attribute_3_6']]
2023-02-14 01:02:369 INFO  ComputerPage :88 - click on os button[[ChromeDriver: chrome on WINDOWS (9415440bcbac697fabb13e0d9e535b08)] -> id: product_attribute_4_8]
2023-02-14 01:02:391 INFO  ComputerPage :91 - click on check boxes[[ChromeDriver: chrome on WINDOWS (9415440bcbac697fabb13e0d9e535b08)] -> id: product_attribute_5_10]
2023-02-14 01:02:453 INFO  ComputerPage :95 - click on add to cart button[[ChromeDriver: chrome on WINDOWS (9415440bcbac697fabb13e0d9e535b08)] -> xpath: //button[@id='add-to-cart-button-1']]
2023-02-14 01:02:925 INFO  ComputerPage :63 - click on computers tab[[ChromeDriver: chrome on WINDOWS (0a87d789a1ec54910ba003e6948070be)] -> xpath: //ul[@class='top-menu notmobile']/li//a[@href='/computers']]
2023-02-14 01:02:261 INFO  ComputerPage :54 - click on DesktopsLink : Proxy element for: DefaultElementLocator 'By.xpath: //div[@class='page-body']/div[1]/div[1]/div[1]/div[1]/h2/a'
2023-02-14 01:02:20 INFO  ComputerPage :68 - click on Build Your Own Computer :Proxy element for: DefaultElementLocator 'By.linkText: Build your own computer'
2023-02-14 01:02:115 INFO  ComputerPage :75 - select option from dropdown :[[ChromeDriver: chrome on WINDOWS (0a87d789a1ec54910ba003e6948070be)] -> xpath: //select[@id='product_attribute_1']]
2023-02-14 01:02:128 INFO  ComputerPage :78 - select on third option[[ChromeDriver: chrome on WINDOWS (0a87d789a1ec54910ba003e6948070be)] -> xpath: //select[@id='product_attribute_2']]
2023-02-14 01:02:280 INFO  ComputerPage :84 - click on radio button from hdd[[ChromeDriver: chrome on WINDOWS (0a87d789a1ec54910ba003e6948070be)] -> xpath: //input[@id='product_attribute_3_6']]
2023-02-14 01:02:333 INFO  ComputerPage :88 - click on os button[[ChromeDriver: chrome on WINDOWS (0a87d789a1ec54910ba003e6948070be)] -> id: product_attribute_4_8]
2023-02-14 01:02:346 INFO  ComputerPage :91 - click on check boxes[[ChromeDriver: chrome on WINDOWS (0a87d789a1ec54910ba003e6948070be)] -> id: product_attribute_5_10]
2023-02-14 01:02:414 INFO  ComputerPage :95 - click on add to cart button[[ChromeDriver: chrome on WINDOWS (0a87d789a1ec54910ba003e6948070be)] -> xpath: //button[@id='add-to-cart-button-1']]
2023-02-14 01:02:103 INFO  LoginPage :69 - clicking on login link : [[ChromeDriver: chrome on WINDOWS (b0f00f435bcf8f44bdd47746acaa5f41)] -> xpath: //a[contains(text(),'Log in')]]
2023-02-14 01:02:139 INFO  LoginPage :45 - getting text from : [[ChromeDriver: chrome on WINDOWS (b0f00f435bcf8f44bdd47746acaa5f41)] -> xpath: //h1[contains(text(),'Welcome, Please Sign In!')]]
2023-02-14 01:02:156 INFO  LoginPage :45 - getting text from : [[ChromeDriver: chrome on WINDOWS (b0f00f435bcf8f44bdd47746acaa5f41)] -> xpath: //h1[contains(text(),'Welcome, Please Sign In!')]]
2023-02-14 01:02:243 INFO  LoginPage :69 - clicking on login link : [[ChromeDriver: chrome on WINDOWS (3bab30c877c0bb04d848966ce80eee39)] -> xpath: //a[contains(text(),'Log in')]]
2023-02-14 01:02:244 INFO  LoginPage :69 - clicking on login link : [[ChromeDriver: chrome on WINDOWS (957443181b596ea1ec5a0ac6d2f4a1c3)] -> xpath: //a[contains(text(),'Log in')]]
2023-02-14 01:02:348 INFO  LoginPage :69 - clicking on login link : [[ChromeDriver: chrome on WINDOWS (2995bb329cd8732990374caba1104852)] -> xpath: //a[contains(text(),'Log in')]]
2023-02-14 01:02:616 INFO  RegisterPage :63 - click on register link :[[ChromeDriver: chrome on WINDOWS (84eb76d802aa95942a69061e563b6420)] -> link text: Register]
2023-02-14 01:02:959 INFO  RegisterPage :63 - click on register link :[[ChromeDriver: chrome on WINDOWS (1ed5f43de255b6cc2c4eab073bcf569a)] -> link text: Register]
2023-02-14 01:02:975 INFO  RegisterPage :77 - enter first name [[ChromeDriver: chrome on WINDOWS (1ed5f43de255b6cc2c4eab073bcf569a)] -> id: FirstName]
2023-02-14 01:02:32 INFO  RegisterPage :83 - enter first name [[ChromeDriver: chrome on WINDOWS (1ed5f43de255b6cc2c4eab073bcf569a)] -> name: LastName]
2023-02-14 01:02:286 INFO  RegisterPage :111 - enter password Proxy element for: DefaultElementLocator 'By.id: ConfirmPassword'
2023-02-14 01:02:312 INFO  RegisterPage :63 - click on register link :[[ChromeDriver: chrome on WINDOWS (4780ebc7f07bade8132a9d9d76952ea2)] -> link text: Register]
2023-02-14 01:02:374 INFO  RegisterPage :77 - enter first name [[ChromeDriver: chrome on WINDOWS (4780ebc7f07bade8132a9d9d76952ea2)] -> id: FirstName]
2023-02-14 01:02:478 INFO  RegisterPage :83 - enter first name [[ChromeDriver: chrome on WINDOWS (4780ebc7f07bade8132a9d9d76952ea2)] -> name: LastName]
2023-02-14 01:02:779 INFO  RegisterPage :111 - enter password [[ChromeDriver: chrome on WINDOWS (4780ebc7f07bade8132a9d9d76952ea2)] -> id: ConfirmPassword]
2023-02-14 01:02:856 INFO  RegisterPage :115 - click on register button[[ChromeDriver: chrome on WINDOWS (4780ebc7f07bade8132a9d9d76952ea2)] -> id: register-button]
2023-02-14 01:02:431 INFO  RegisterPage :63 - click on register link :[[ChromeDriver: chrome on WINDOWS (fa70caf3a25cda64e04f57bd02438a9b)] -> link text: Register]
2023-02-14 01:02:442 INFO  RegisterPage :77 - enter first name [[ChromeDriver: chrome on WINDOWS (fa70caf3a25cda64e04f57bd02438a9b)] -> id: FirstName]
2023-02-14 01:02:504 INFO  RegisterPage :83 - enter first name [[ChromeDriver: chrome on WINDOWS (fa70caf3a25cda64e04f57bd02438a9b)] -> name: LastName]
2023-02-14 01:02:692 INFO  RegisterPage :111 - enter password [[ChromeDriver: chrome on WINDOWS (fa70caf3a25cda64e04f57bd02438a9b)] -> id: ConfirmPassword]
2023-02-14 01:02:761 INFO  RegisterPage :115 - click on register button[[ChromeDriver: chrome on WINDOWS (fa70caf3a25cda64e04f57bd02438a9b)] -> id: register-button]
2023-02-14 01:02:945 INFO  RegisterPage :63 - click on register link :[[ChromeDriver: chrome on WINDOWS (f3bd93cd1cf308034f885f9119874152)] -> link text: Register]
2023-02-14 01:02:966 INFO  RegisterPage :77 - enter first name [[ChromeDriver: chrome on WINDOWS (f3bd93cd1cf308034f885f9119874152)] -> id: FirstName]
2023-02-14 01:02:61 INFO  RegisterPage :83 - enter first name [[ChromeDriver: chrome on WINDOWS (f3bd93cd1cf308034f885f9119874152)] -> name: LastName]
2023-02-14 01:02:326 INFO  RegisterPage :111 - enter password [[ChromeDriver: chrome on WINDOWS (f3bd93cd1cf308034f885f9119874152)] -> id: ConfirmPassword]
2023-02-14 01:02:409 INFO  RegisterPage :115 - click on register button[[ChromeDriver: chrome on WINDOWS (f3bd93cd1cf308034f885f9119874152)] -> id: register-button]
2023-02-14 01:02:654 INFO  RegisterPage :63 - click on register link :[[ChromeDriver: chrome on WINDOWS (88e564f8529d3dbffad603ec01ee10e6)] -> link text: Register]
2023-02-14 01:02:668 INFO  RegisterPage :77 - enter first name [[ChromeDriver: chrome on WINDOWS (88e564f8529d3dbffad603ec01ee10e6)] -> id: FirstName]
2023-02-14 01:02:742 INFO  RegisterPage :83 - enter first name [[ChromeDriver: chrome on WINDOWS (88e564f8529d3dbffad603ec01ee10e6)] -> name: LastName]
2023-02-14 01:02:978 INFO  RegisterPage :111 - enter password [[ChromeDriver: chrome on WINDOWS (88e564f8529d3dbffad603ec01ee10e6)] -> id: ConfirmPassword]
2023-02-14 01:02:45 INFO  RegisterPage :115 - click on register button[[ChromeDriver: chrome on WINDOWS (88e564f8529d3dbffad603ec01ee10e6)] -> id: register-button]
2023-02-14 01:02:392 INFO  RegisterPage :63 - click on register link :[[ChromeDriver: chrome on WINDOWS (cfe7c578ee30a6822b51e451ed8e5f3c)] -> link text: Register]
2023-02-14 01:02:408 INFO  RegisterPage :71 - click on female radio button[[ChromeDriver: chrome on WINDOWS (cfe7c578ee30a6822b51e451ed8e5f3c)] -> xpath: //div[@class='gender']//input[@id='gender-male']]
2023-02-14 01:02:465 INFO  RegisterPage :77 - enter first name [[ChromeDriver: chrome on WINDOWS (cfe7c578ee30a6822b51e451ed8e5f3c)] -> id: FirstName]
2023-02-14 01:02:530 INFO  RegisterPage :83 - enter first name [[ChromeDriver: chrome on WINDOWS (cfe7c578ee30a6822b51e451ed8e5f3c)] -> name: LastName]
2023-02-14 01:02:603 INFO  RegisterPage :90 - click on date of birthday[[ChromeDriver: chrome on WINDOWS (cfe7c578ee30a6822b51e451ed8e5f3c)] -> name: DateOfBirthDay]
2023-02-14 01:02:665 INFO  RegisterPage :94 - click on date of birt month[[ChromeDriver: chrome on WINDOWS (cfe7c578ee30a6822b51e451ed8e5f3c)] -> name: DateOfBirthMonth]
2023-02-14 01:02:735 INFO  RegisterPage :98 - click on date of birth year[[ChromeDriver: chrome on WINDOWS (cfe7c578ee30a6822b51e451ed8e5f3c)] -> name: DateOfBirthYear]
2023-02-14 01:02:966 INFO  RegisterPage :111 - enter password [[ChromeDriver: chrome on WINDOWS (cfe7c578ee30a6822b51e451ed8e5f3c)] -> id: ConfirmPassword]
2023-02-14 01:02:44 INFO  RegisterPage :115 - click on register button[[ChromeDriver: chrome on WINDOWS (cfe7c578ee30a6822b51e451ed8e5f3c)] -> id: register-button]
2023-02-14 01:02:935 INFO  ComputerPage :63 - click on computers tab[[ChromeDriver: chrome on WINDOWS (902c9a88596e4bd02deaa10bdce9a86d)] -> xpath: //ul[@class='top-menu notmobile']/li//a[@href='/computers']]
2023-02-14 01:02:857 INFO  ComputerPage :63 - click on computers tab[[ChromeDriver: chrome on WINDOWS (21e049252095457be0c3d6a9c8088205)] -> xpath: //ul[@class='top-menu notmobile']/li//a[@href='/computers']]
2023-02-14 01:02:167 INFO  ComputerPage :54 - click on DesktopsLink : Proxy element for: DefaultElementLocator 'By.xpath: //div[@class='page-body']/div[1]/div[1]/div[1]/div[1]/h2/a'
2023-02-14 01:02:758 INFO  ComputerPage :63 - click on computers tab[[ChromeDriver: chrome on WINDOWS (795f8dac8015392bffa30758863bcbb9)] -> xpath: //ul[@class='top-menu notmobile']/li//a[@href='/computers']]
2023-02-14 01:02:435 INFO  ComputerPage :54 - click on DesktopsLink : Proxy element for: DefaultElementLocator 'By.xpath: //div[@class='page-body']/div[1]/div[1]/div[1]/div[1]/h2/a'
2023-02-14 01:02:520 INFO  ComputerPage :68 - click on Build Your Own Computer :Proxy element for: DefaultElementLocator 'By.linkText: Build your own computer'
2023-02-14 01:02:671 INFO  ComputerPage :75 - select option from dropdown :[[ChromeDriver: chrome on WINDOWS (795f8dac8015392bffa30758863bcbb9)] -> xpath: //select[@id='product_attribute_1']]
2023-02-14 01:02:686 INFO  ComputerPage :78 - select on third option[[ChromeDriver: chrome on WINDOWS (795f8dac8015392bffa30758863bcbb9)] -> xpath: //select[@id='product_attribute_2']]
2023-02-14 01:02:855 INFO  ComputerPage :84 - click on radio button from hdd[[ChromeDriver: chrome on WINDOWS (795f8dac8015392bffa30758863bcbb9)] -> xpath: //input[@id='product_attribute_3_6']]
2023-02-14 01:02:914 INFO  ComputerPage :88 - click on os button[[ChromeDriver: chrome on WINDOWS (795f8dac8015392bffa30758863bcbb9)] -> id: product_attribute_4_8]
2023-02-14 01:02:928 INFO  ComputerPage :91 - click on check boxes[[ChromeDriver: chrome on WINDOWS (795f8dac8015392bffa30758863bcbb9)] -> id: product_attribute_5_10]
2023-02-14 01:02:994 INFO  ComputerPage :95 - click on add to cart button[[ChromeDriver: chrome on WINDOWS (795f8dac8015392bffa30758863bcbb9)] -> xpath: //button[@id='add-to-cart-button-1']]
2023-02-14 01:02:462 INFO  ComputerPage :63 - click on computers tab[[ChromeDriver: chrome on WINDOWS (815974fce63621c760352079c203e910)] -> xpath: //ul[@class='top-menu notmobile']/li//a[@href='/computers']]
2023-02-14 01:02:710 INFO  ComputerPage :54 - click on DesktopsLink : Proxy element for: DefaultElementLocator 'By.xpath: //div[@class='page-body']/div[1]/div[1]/div[1]/div[1]/h2/a'
2023-02-14 01:02:413 INFO  ComputerPage :68 - click on Build Your Own Computer :Proxy element for: DefaultElementLocator 'By.linkText: Build your own computer'
2023-02-14 01:02:508 INFO  ComputerPage :75 - select option from dropdown :[[ChromeDriver: chrome on WINDOWS (815974fce63621c760352079c203e910)] -> xpath: //select[@id='product_attribute_1']]
2023-02-14 01:02:523 INFO  ComputerPage :78 - select on third option[[ChromeDriver: chrome on WINDOWS (815974fce63621c760352079c203e910)] -> xpath: //select[@id='product_attribute_2']]
2023-02-14 01:02:692 INFO  ComputerPage :84 - click on radio button from hdd[[ChromeDriver: chrome on WINDOWS (815974fce63621c760352079c203e910)] -> xpath: //input[@id='product_attribute_3_6']]
2023-02-14 01:02:746 INFO  ComputerPage :88 - click on os button[[ChromeDriver: chrome on WINDOWS (815974fce63621c760352079c203e910)] -> id: product_attribute_4_8]
2023-02-14 01:02:760 INFO  ComputerPage :91 - click on check boxes[[ChromeDriver: chrome on WINDOWS (815974fce63621c760352079c203e910)] -> id: product_attribute_5_10]
2023-02-14 01:02:815 INFO  ComputerPage :95 - click on add to cart button[[ChromeDriver: chrome on WINDOWS (815974fce63621c760352079c203e910)] -> xpath: //button[@id='add-to-cart-button-1']]
2023-02-14 01:02:665 INFO  ComputerPage :63 - click on computers tab[[ChromeDriver: chrome on WINDOWS (f9dbc1939e3407cc687c1e494350e978)] -> xpath: //ul[@class='top-menu notmobile']/li//a[@href='/computers']]
2023-02-14 01:02:894 INFO  ComputerPage :54 - click on DesktopsLink : Proxy element for: DefaultElementLocator 'By.xpath: //div[@class='page-body']/div[1]/div[1]/div[1]/div[1]/h2/a'
2023-02-14 01:02:975 INFO  ComputerPage :68 - click on Build Your Own Computer :Proxy element for: DefaultElementLocator 'By.linkText: Build your own computer'
2023-02-14 01:02:60 INFO  ComputerPage :75 - select option from dropdown :[[ChromeDriver: chrome on WINDOWS (f9dbc1939e3407cc687c1e494350e978)] -> xpath: //select[@id='product_attribute_1']]
2023-02-14 01:02:75 INFO  ComputerPage :78 - select on third option[[ChromeDriver: chrome on WINDOWS (f9dbc1939e3407cc687c1e494350e978)] -> xpath: //select[@id='product_attribute_2']]
2023-02-14 01:02:232 INFO  ComputerPage :84 - click on radio button from hdd[[ChromeDriver: chrome on WINDOWS (f9dbc1939e3407cc687c1e494350e978)] -> xpath: //input[@id='product_attribute_3_6']]
2023-02-14 01:02:282 INFO  ComputerPage :88 - click on os button[[ChromeDriver: chrome on WINDOWS (f9dbc1939e3407cc687c1e494350e978)] -> id: product_attribute_4_8]
2023-02-14 01:02:299 INFO  ComputerPage :91 - click on check boxes[[ChromeDriver: chrome on WINDOWS (f9dbc1939e3407cc687c1e494350e978)] -> id: product_attribute_5_10]
2023-02-14 01:02:358 INFO  ComputerPage :95 - click on add to cart button[[ChromeDriver: chrome on WINDOWS (f9dbc1939e3407cc687c1e494350e978)] -> xpath: //button[@id='add-to-cart-button-1']]
2023-02-14 01:02:788 INFO  LoginPage :69 - clicking on login link : [[ChromeDriver: chrome on WINDOWS (e6ec810acc7abd0a367b4b589147a033)] -> xpath: //a[contains(text(),'Log in')]]
2023-02-14 01:02:831 INFO  LoginPage :45 - getting text from : [[ChromeDriver: chrome on WINDOWS (e6ec810acc7abd0a367b4b589147a033)] -> xpath: //h1[contains(text(),'Welcome, Please Sign In!')]]
2023-02-14 01:02:855 INFO  LoginPage :45 - getting text from : [[ChromeDriver: chrome on WINDOWS (e6ec810acc7abd0a367b4b589147a033)] -> xpath: //h1[contains(text(),'Welcome, Please Sign In!')]]
2023-02-14 01:02:615 INFO  LoginPage :69 - clicking on login link : [[ChromeDriver: chrome on WINDOWS (cff977ab0b0416a5904a663ef7be9ca3)] -> xpath: //a[contains(text(),'Log in')]]
2023-02-14 01:02:237 INFO  LoginPage :69 - clicking on login link : [[ChromeDriver: chrome on WINDOWS (7446b29f7f13fdcede40b98e3f952c7e)] -> xpath: //a[contains(text(),'Log in')]]
2023-02-14 01:02:584 INFO  LoginPage :69 - clicking on login link : [[ChromeDriver: chrome on WINDOWS (48ae95c157a0053c03b511b5c73ee46c)] -> xpath: //a[contains(text(),'Log in')]]
2023-02-14 01:02:939 INFO  RegisterPage :63 - click on register link :[[ChromeDriver: chrome on WINDOWS (75480f40f6f72b636b3ba1c06de09540)] -> link text: Register]
2023-02-14 01:02:382 INFO  RegisterPage :63 - click on register link :[[ChromeDriver: chrome on WINDOWS (0e2100b89dbf0caeaaf18f2c2d803a7c)] -> link text: Register]
2023-02-14 01:02:397 INFO  RegisterPage :77 - enter first name [[ChromeDriver: chrome on WINDOWS (0e2100b89dbf0caeaaf18f2c2d803a7c)] -> id: FirstName]
2023-02-14 01:02:452 INFO  RegisterPage :83 - enter first name [[ChromeDriver: chrome on WINDOWS (0e2100b89dbf0caeaaf18f2c2d803a7c)] -> name: LastName]
2023-02-14 01:02:676 INFO  RegisterPage :111 - enter password [[ChromeDriver: chrome on WINDOWS (0e2100b89dbf0caeaaf18f2c2d803a7c)] -> id: ConfirmPassword]
2023-02-14 01:02:739 INFO  RegisterPage :115 - click on register button[[ChromeDriver: chrome on WINDOWS (0e2100b89dbf0caeaaf18f2c2d803a7c)] -> id: register-button]
2023-02-14 01:02:812 INFO  RegisterPage :63 - click on register link :[[ChromeDriver: chrome on WINDOWS (d582c3f1d607d54891ad8f473e2ccc00)] -> link text: Register]
2023-02-14 01:02:890 INFO  RegisterPage :77 - enter first name [[ChromeDriver: chrome on WINDOWS (d582c3f1d607d54891ad8f473e2ccc00)] -> id: FirstName]
2023-02-14 01:02:148 INFO  RegisterPage :83 - enter first name [[ChromeDriver: chrome on WINDOWS (d582c3f1d607d54891ad8f473e2ccc00)] -> name: LastName]
2023-02-14 01:02:467 INFO  RegisterPage :111 - enter password [[ChromeDriver: chrome on WINDOWS (d582c3f1d607d54891ad8f473e2ccc00)] -> id: ConfirmPassword]
2023-02-14 01:02:534 INFO  RegisterPage :115 - click on register button[[ChromeDriver: chrome on WINDOWS (d582c3f1d607d54891ad8f473e2ccc00)] -> id: register-button]
2023-02-14 01:02:143 INFO  RegisterPage :63 - click on register link :[[ChromeDriver: chrome on WINDOWS (6fe5ca6566bb827af5fed997c9a070fa)] -> link text: Register]
2023-02-14 01:02:161 INFO  RegisterPage :77 - enter first name [[ChromeDriver: chrome on WINDOWS (6fe5ca6566bb827af5fed997c9a070fa)] -> id: FirstName]
2023-02-14 01:02:291 INFO  RegisterPage :83 - enter first name [[ChromeDriver: chrome on WINDOWS (6fe5ca6566bb827af5fed997c9a070fa)] -> name: LastName]
2023-02-14 01:02:572 INFO  RegisterPage :111 - enter password [[ChromeDriver: chrome on WINDOWS (6fe5ca6566bb827af5fed997c9a070fa)] -> id: ConfirmPassword]
2023-02-14 01:02:659 INFO  RegisterPage :115 - click on register button[[ChromeDriver: chrome on WINDOWS (6fe5ca6566bb827af5fed997c9a070fa)] -> id: register-button]
2023-02-14 01:02:273 INFO  RegisterPage :63 - click on register link :[[ChromeDriver: chrome on WINDOWS (05d5ebb5d816c1a1ba10be6ff666efc0)] -> link text: Register]
2023-02-14 01:02:333 INFO  RegisterPage :77 - enter first name [[ChromeDriver: chrome on WINDOWS (05d5ebb5d816c1a1ba10be6ff666efc0)] -> id: FirstName]
2023-02-14 01:02:515 INFO  RegisterPage :83 - enter first name [[ChromeDriver: chrome on WINDOWS (05d5ebb5d816c1a1ba10be6ff666efc0)] -> name: LastName]
2023-02-14 01:02:830 INFO  RegisterPage :111 - enter password [[ChromeDriver: chrome on WINDOWS (05d5ebb5d816c1a1ba10be6ff666efc0)] -> id: ConfirmPassword]
2023-02-14 01:02:120 INFO  RegisterPage :115 - click on register button[[ChromeDriver: chrome on WINDOWS (05d5ebb5d816c1a1ba10be6ff666efc0)] -> id: register-button]
2023-02-14 01:02:717 INFO  RegisterPage :63 - click on register link :[[ChromeDriver: chrome on WINDOWS (97758feea4927069062362ab78f87290)] -> link text: Register]
2023-02-14 01:02:815 INFO  RegisterPage :77 - enter first name [[ChromeDriver: chrome on WINDOWS (97758feea4927069062362ab78f87290)] -> id: FirstName]
2023-02-14 01:02:98 INFO  RegisterPage :83 - enter first name [[ChromeDriver: chrome on WINDOWS (97758feea4927069062362ab78f87290)] -> name: LastName]
2023-02-14 01:02:926 INFO  RegisterPage :111 - enter password [[ChromeDriver: chrome on WINDOWS (97758feea4927069062362ab78f87290)] -> id: ConfirmPassword]
2023-02-14 01:02:35 INFO  RegisterPage :115 - click on register button[[ChromeDriver: chrome on WINDOWS (97758feea4927069062362ab78f87290)] -> id: register-button]
2023-02-14 01:02:285 INFO  RegisterPage :63 - click on register link :[[ChromeDriver: chrome on WINDOWS (1e8b3b17f42fb462f1949d2d37963a93)] -> link text: Register]
2023-02-14 01:02:304 INFO  RegisterPage :71 - click on female radio button[[ChromeDriver: chrome on WINDOWS (1e8b3b17f42fb462f1949d2d37963a93)] -> xpath: //div[@class='gender']//input[@id='gender-male']]
2023-02-14 01:02:369 INFO  RegisterPage :77 - enter first name [[ChromeDriver: chrome on WINDOWS (1e8b3b17f42fb462f1949d2d37963a93)] -> id: FirstName]
2023-02-14 01:02:456 INFO  RegisterPage :83 - enter first name [[ChromeDriver: chrome on WINDOWS (1e8b3b17f42fb462f1949d2d37963a93)] -> name: LastName]
2023-02-14 01:02:562 INFO  RegisterPage :90 - click on date of birthday[[ChromeDriver: chrome on WINDOWS (1e8b3b17f42fb462f1949d2d37963a93)] -> name: DateOfBirthDay]
2023-02-14 01:02:645 INFO  RegisterPage :94 - click on date of birt month[[ChromeDriver: chrome on WINDOWS (1e8b3b17f42fb462f1949d2d37963a93)] -> name: DateOfBirthMonth]
2023-02-14 01:02:723 INFO  RegisterPage :98 - click on date of birth year[[ChromeDriver: chrome on WINDOWS (1e8b3b17f42fb462f1949d2d37963a93)] -> name: DateOfBirthYear]
2023-02-14 01:02:988 INFO  RegisterPage :111 - enter password [[ChromeDriver: chrome on WINDOWS (1e8b3b17f42fb462f1949d2d37963a93)] -> id: ConfirmPassword]
2023-02-14 01:02:76 INFO  RegisterPage :115 - click on register button[[ChromeDriver: chrome on WINDOWS (1e8b3b17f42fb462f1949d2d37963a93)] -> id: register-button]
2023-02-14 01:02:66 INFO  ComputerPage :63 - click on computers tab[[ChromeDriver: chrome on WINDOWS (725e8f2ae6aec5c8201f0530b71fd63d)] -> xpath: //ul[@class='top-menu notmobile']/li//a[@href='/computers']]
2023-02-14 01:02:526 INFO  ComputerPage :63 - click on computers tab[[ChromeDriver: chrome on WINDOWS (f6387dcfa2de92b9099bb2cafe76c6a3)] -> xpath: //ul[@class='top-menu notmobile']/li//a[@href='/computers']]
2023-02-14 01:02:479 INFO  ComputerPage :54 - click on DesktopsLink : Proxy element for: DefaultElementLocator 'By.xpath: //div[@class='page-body']/div[1]/div[1]/div[1]/div[1]/h2/a'
2023-02-14 01:02:488 INFO  ComputerPage :63 - click on computers tab[[ChromeDriver: chrome on WINDOWS (a50599d48d0ffbddcdbd864d0c2403d5)] -> xpath: //ul[@class='top-menu notmobile']/li//a[@href='/computers']]
2023-02-14 01:02:424 INFO  ComputerPage :54 - click on DesktopsLink : Proxy element for: DefaultElementLocator 'By.xpath: //div[@class='page-body']/div[1]/div[1]/div[1]/div[1]/h2/a'
2023-02-14 01:02:720 INFO  ComputerPage :68 - click on Build Your Own Computer :Proxy element for: DefaultElementLocator 'By.linkText: Build your own computer'
2023-02-14 01:02:03 INFO  ComputerPage :75 - select option from dropdown :[[ChromeDriver: chrome on WINDOWS (a50599d48d0ffbddcdbd864d0c2403d5)] -> xpath: //select[@id='product_attribute_1']]
2023-02-14 01:02:40 INFO  ComputerPage :78 - select on third option[[ChromeDriver: chrome on WINDOWS (a50599d48d0ffbddcdbd864d0c2403d5)] -> xpath: //select[@id='product_attribute_2']]
2023-02-14 01:02:407 INFO  ComputerPage :84 - click on radio button from hdd[[ChromeDriver: chrome on WINDOWS (a50599d48d0ffbddcdbd864d0c2403d5)] -> xpath: //input[@id='product_attribute_3_6']]
2023-02-14 01:02:485 INFO  ComputerPage :88 - click on os button[[ChromeDriver: chrome on WINDOWS (a50599d48d0ffbddcdbd864d0c2403d5)] -> id: product_attribute_4_8]
2023-02-14 01:02:500 INFO  ComputerPage :91 - click on check boxes[[ChromeDriver: chrome on WINDOWS (a50599d48d0ffbddcdbd864d0c2403d5)] -> id: product_attribute_5_10]
2023-02-14 01:02:563 INFO  ComputerPage :95 - click on add to cart button[[ChromeDriver: chrome on WINDOWS (a50599d48d0ffbddcdbd864d0c2403d5)] -> xpath: //button[@id='add-to-cart-button-1']]
2023-02-14 01:02:402 INFO  ComputerPage :63 - click on computers tab[[ChromeDriver: chrome on WINDOWS (3e4790f311aa688d8b70adf6a1ce7b36)] -> xpath: //ul[@class='top-menu notmobile']/li//a[@href='/computers']]
2023-02-14 01:02:352 INFO  ComputerPage :54 - click on DesktopsLink : Proxy element for: DefaultElementLocator 'By.xpath: //div[@class='page-body']/div[1]/div[1]/div[1]/div[1]/h2/a'
2023-02-14 01:02:524 INFO  ComputerPage :68 - click on Build Your Own Computer :Proxy element for: DefaultElementLocator 'By.linkText: Build your own computer'
2023-02-14 01:02:946 INFO  ComputerPage :75 - select option from dropdown :[[ChromeDriver: chrome on WINDOWS (3e4790f311aa688d8b70adf6a1ce7b36)] -> xpath: //select[@id='product_attribute_1']]
2023-02-14 01:02:12 INFO  ComputerPage :78 - select on third option[[ChromeDriver: chrome on WINDOWS (3e4790f311aa688d8b70adf6a1ce7b36)] -> xpath: //select[@id='product_attribute_2']]
2023-02-14 01:02:270 INFO  ComputerPage :84 - click on radio button from hdd[[ChromeDriver: chrome on WINDOWS (3e4790f311aa688d8b70adf6a1ce7b36)] -> xpath: //input[@id='product_attribute_3_6']]
2023-02-14 01:02:337 INFO  ComputerPage :88 - click on os button[[ChromeDriver: chrome on WINDOWS (3e4790f311aa688d8b70adf6a1ce7b36)] -> id: product_attribute_4_8]
2023-02-14 01:02:357 INFO  ComputerPage :91 - click on check boxes[[ChromeDriver: chrome on WINDOWS (3e4790f311aa688d8b70adf6a1ce7b36)] -> id: product_attribute_5_10]
2023-02-14 01:02:436 INFO  ComputerPage :95 - click on add to cart button[[ChromeDriver: chrome on WINDOWS (3e4790f311aa688d8b70adf6a1ce7b36)] -> xpath: //button[@id='add-to-cart-button-1']]
2023-02-14 01:02:963 INFO  ComputerPage :63 - click on computers tab[[ChromeDriver: chrome on WINDOWS (ed5864c228202adf0768f9bb278ee445)] -> xpath: //ul[@class='top-menu notmobile']/li//a[@href='/computers']]
2023-02-14 01:02:499 INFO  ComputerPage :54 - click on DesktopsLink : Proxy element for: DefaultElementLocator 'By.xpath: //div[@class='page-body']/div[1]/div[1]/div[1]/div[1]/h2/a'
2023-02-14 01:02:272 INFO  ComputerPage :68 - click on Build Your Own Computer :Proxy element for: DefaultElementLocator 'By.linkText: Build your own computer'
2023-02-14 01:02:333 INFO  ComputerPage :75 - select option from dropdown :[[ChromeDriver: chrome on WINDOWS (ed5864c228202adf0768f9bb278ee445)] -> xpath: //select[@id='product_attribute_1']]
2023-02-14 01:02:345 INFO  ComputerPage :78 - select on third option[[ChromeDriver: chrome on WINDOWS (ed5864c228202adf0768f9bb278ee445)] -> xpath: //select[@id='product_attribute_2']]
2023-02-14 01:02:479 INFO  ComputerPage :84 - click on radio button from hdd[[ChromeDriver: chrome on WINDOWS (ed5864c228202adf0768f9bb278ee445)] -> xpath: //input[@id='product_attribute_3_6']]
2023-02-14 01:02:543 INFO  ComputerPage :88 - click on os button[[ChromeDriver: chrome on WINDOWS (ed5864c228202adf0768f9bb278ee445)] -> id: product_attribute_4_8]
2023-02-14 01:02:562 INFO  ComputerPage :91 - click on check boxes[[ChromeDriver: chrome on WINDOWS (ed5864c228202adf0768f9bb278ee445)] -> id: product_attribute_5_10]
2023-02-14 01:02:624 INFO  ComputerPage :95 - click on add to cart button[[ChromeDriver: chrome on WINDOWS (ed5864c228202adf0768f9bb278ee445)] -> xpath: //button[@id='add-to-cart-button-1']]
2023-02-14 01:02:230 INFO  LoginPage :69 - clicking on login link : [[ChromeDriver: chrome on WINDOWS (1fffefd2139ecba9c718d34934133cb9)] -> xpath: //a[contains(text(),'Log in')]]
2023-02-14 01:02:369 INFO  LoginPage :45 - getting text from : [[ChromeDriver: chrome on WINDOWS (1fffefd2139ecba9c718d34934133cb9)] -> xpath: //h1[contains(text(),'Welcome, Please Sign In!')]]
2023-02-14 01:02:436 INFO  LoginPage :45 - getting text from : [[ChromeDriver: chrome on WINDOWS (1fffefd2139ecba9c718d34934133cb9)] -> xpath: //h1[contains(text(),'Welcome, Please Sign In!')]]
2023-02-14 01:02:923 INFO  LoginPage :69 - clicking on login link : [[ChromeDriver: chrome on WINDOWS (93042ea81e075bccbe37fc18ea7f5906)] -> xpath: //a[contains(text(),'Log in')]]
2023-02-14 01:02:446 INFO  LoginPage :69 - clicking on login link : [[ChromeDriver: chrome on WINDOWS (a16f173efa762f4e1fb9ba4b23de9fea)] -> xpath: //a[contains(text(),'Log in')]]
2023-02-14 01:02:142 INFO  LoginPage :69 - clicking on login link : [[ChromeDriver: chrome on WINDOWS (a198ad638950c4745f29dfae716aeb62)] -> xpath: //a[contains(text(),'Log in')]]
2023-02-14 01:02:683 INFO  RegisterPage :63 - click on register link :[[ChromeDriver: chrome on WINDOWS (a89cb0bbb92e4ff044757ea74f626e74)] -> link text: Register]
2023-02-14 01:02:260 INFO  RegisterPage :63 - click on register link :[[ChromeDriver: chrome on WINDOWS (3ff9c5c72428a3578c127773af0fa1d1)] -> link text: Register]
2023-02-14 01:02:460 INFO  RegisterPage :77 - enter first name [[ChromeDriver: chrome on WINDOWS (3ff9c5c72428a3578c127773af0fa1d1)] -> id: FirstName]
2023-02-14 01:02:738 INFO  RegisterPage :83 - enter first name [[ChromeDriver: chrome on WINDOWS (3ff9c5c72428a3578c127773af0fa1d1)] -> name: LastName]
2023-02-14 01:02:851 INFO  RegisterPage :111 - enter password [[ChromeDriver: chrome on WINDOWS (3ff9c5c72428a3578c127773af0fa1d1)] -> id: ConfirmPassword]
2023-02-14 01:02:80 INFO  RegisterPage :115 - click on register button[[ChromeDriver: chrome on WINDOWS (3ff9c5c72428a3578c127773af0fa1d1)] -> id: register-button]
2023-02-14 01:02:766 INFO  RegisterPage :63 - click on register link :[[ChromeDriver: chrome on WINDOWS (f6b31d2b0f79084a2d04d3d7e780f48f)] -> link text: Register]
2023-02-14 01:02:787 INFO  RegisterPage :77 - enter first name [[ChromeDriver: chrome on WINDOWS (f6b31d2b0f79084a2d04d3d7e780f48f)] -> id: FirstName]
2023-02-14 01:02:38 INFO  RegisterPage :83 - enter first name [[ChromeDriver: chrome on WINDOWS (f6b31d2b0f79084a2d04d3d7e780f48f)] -> name: LastName]
2023-02-14 01:02:208 INFO  RegisterPage :111 - enter password [[ChromeDriver: chrome on WINDOWS (f6b31d2b0f79084a2d04d3d7e780f48f)] -> id: ConfirmPassword]
2023-02-14 01:02:482 INFO  RegisterPage :115 - click on register button[[ChromeDriver: chrome on WINDOWS (f6b31d2b0f79084a2d04d3d7e780f48f)] -> id: register-button]
2023-02-14 01:02:609 INFO  RegisterPage :63 - click on register link :[[ChromeDriver: chrome on WINDOWS (ab1a07ace6a5037a3d186d698a203995)] -> link text: Register]
2023-02-14 01:02:624 INFO  RegisterPage :77 - enter first name [[ChromeDriver: chrome on WINDOWS (ab1a07ace6a5037a3d186d698a203995)] -> id: FirstName]
2023-02-14 01:02:762 INFO  RegisterPage :83 - enter first name [[ChromeDriver: chrome on WINDOWS (ab1a07ace6a5037a3d186d698a203995)] -> name: LastName]
2023-02-14 01:02:350 INFO  RegisterPage :111 - enter password [[ChromeDriver: chrome on WINDOWS (ab1a07ace6a5037a3d186d698a203995)] -> id: ConfirmPassword]
2023-02-14 01:02:893 INFO  RegisterPage :115 - click on register button[[ChromeDriver: chrome on WINDOWS (ab1a07ace6a5037a3d186d698a203995)] -> id: register-button]
2023-02-14 01:02:125 INFO  RegisterPage :63 - click on register link :[[ChromeDriver: chrome on WINDOWS (061df55f2fcc81d4a5650437d0c1b7f5)] -> link text: Register]
2023-02-14 01:02:296 INFO  RegisterPage :77 - enter first name [[ChromeDriver: chrome on WINDOWS (061df55f2fcc81d4a5650437d0c1b7f5)] -> id: FirstName]
2023-02-14 01:02:629 INFO  RegisterPage :83 - enter first name [[ChromeDriver: chrome on WINDOWS (061df55f2fcc81d4a5650437d0c1b7f5)] -> name: LastName]
2023-02-14 01:02:196 INFO  RegisterPage :111 - enter password [[ChromeDriver: chrome on WINDOWS (061df55f2fcc81d4a5650437d0c1b7f5)] -> id: ConfirmPassword]
2023-02-14 01:02:326 INFO  RegisterPage :115 - click on register button[[ChromeDriver: chrome on WINDOWS (061df55f2fcc81d4a5650437d0c1b7f5)] -> id: register-button]
2023-02-14 01:02:173 INFO  RegisterPage :63 - click on register link :[[ChromeDriver: chrome on WINDOWS (ae05c84687e839b082917c43979c71d3)] -> link text: Register]
2023-02-14 01:02:195 INFO  RegisterPage :77 - enter first name [[ChromeDriver: chrome on WINDOWS (ae05c84687e839b082917c43979c71d3)] -> id: FirstName]
2023-02-14 01:02:429 INFO  RegisterPage :83 - enter first name [[ChromeDriver: chrome on WINDOWS (ae05c84687e839b082917c43979c71d3)] -> name: LastName]
2023-02-14 01:02:776 INFO  RegisterPage :111 - enter password [[ChromeDriver: chrome on WINDOWS (ae05c84687e839b082917c43979c71d3)] -> id: ConfirmPassword]
2023-02-14 01:02:874 INFO  RegisterPage :115 - click on register button[[ChromeDriver: chrome on WINDOWS (ae05c84687e839b082917c43979c71d3)] -> id: register-button]
2023-02-14 01:02:18 INFO  RegisterPage :63 - click on register link :[[ChromeDriver: chrome on WINDOWS (025296c32b704edf8425344089230309)] -> link text: Register]
2023-02-14 01:02:89 INFO  RegisterPage :71 - click on female radio button[[ChromeDriver: chrome on WINDOWS (025296c32b704edf8425344089230309)] -> xpath: //div[@class='gender']//input[@id='gender-male']]
2023-02-14 01:02:378 INFO  RegisterPage :77 - enter first name [[ChromeDriver: chrome on WINDOWS (025296c32b704edf8425344089230309)] -> id: FirstName]
2023-02-14 01:02:611 INFO  RegisterPage :83 - enter first name [[ChromeDriver: chrome on WINDOWS (025296c32b704edf8425344089230309)] -> name: LastName]
2023-02-14 01:02:811 INFO  RegisterPage :90 - click on date of birthday[[ChromeDriver: chrome on WINDOWS (025296c32b704edf8425344089230309)] -> name: DateOfBirthDay]
2023-02-14 01:02:29 INFO  RegisterPage :94 - click on date of birt month[[ChromeDriver: chrome on WINDOWS (025296c32b704edf8425344089230309)] -> name: DateOfBirthMonth]
2023-02-14 01:02:350 INFO  RegisterPage :98 - click on date of birth year[[ChromeDriver: chrome on WINDOWS (025296c32b704edf8425344089230309)] -> name: DateOfBirthYear]
2023-02-14 01:02:913 INFO  RegisterPage :111 - enter password [[ChromeDriver: chrome on WINDOWS (025296c32b704edf8425344089230309)] -> id: ConfirmPassword]
2023-02-14 01:02:38 INFO  RegisterPage :115 - click on register button[[ChromeDriver: chrome on WINDOWS (025296c32b704edf8425344089230309)] -> id: register-button]
